2024-09-08 22:22:49.282 | INFO     | models.pipe.model:build_model:37 - starting up model building Pipleline
2024-09-08 22:22:49.283 | INFO     | models.pipe.data_preparation:prepare_data:36 - Starting up preprocessing Pipeline
2024-09-08 22:22:49.283 | INFO     | models.pipe.data_collection:load_data_from_db:39 - extracting the table from the database ...
2024-09-08 22:22:49.313 | INFO     | models.pipe.data_preparation:encode_cat_cols:62 - Dummy encoding the data ['balcony', 'parking', 'furnished', 'garage', 'storage']
2024-09-08 22:22:49.323 | INFO     | models.pipe.data_preparation:parse_garden_col:89 - Parsing the garden data...
2024-09-08 22:22:49.331 | INFO     | models.pipe.data_preparation:binarize_df:108 - Binarizing the data       balcony_yes  storage_yes  parking_yes  furnished_yes  garage_yes
0            True        False        False           True       False
1            True        False         True           True       False
2            True        False         True           True       False
3            True        False        False           True       False
4           False        False        False          False       False
...           ...          ...          ...            ...         ...
1723        False        False        False           True       False
1724         True        False        False           True       False
1725        False        False        False           True       False
1726         True         True         True           True       False
1727        False         True        False           True       False

[1728 rows x 5 columns]
2024-09-08 22:22:49.340 | INFO     | models.pipe.model:get_X_y:78 - X shape : (1728, 9) , y shape : (1728,)
2024-09-08 22:22:49.340 | INFO     | models.pipe.model:split_data:100 - splitting data into train and test sets 
2024-09-08 22:22:49.342 | INFO     | models.pipe.model:train_model:123 - training a model with hyperparameters
2024-09-08 22:22:49.343 | DEBUG    | models.pipe.model:train_model:129 - grid param : {'n_estimators': range(50, 100, 20), 'criterion': ['squared_error', 'poisson', 'absolute_error', 'friedman_mse'], 'max_depth': range(6, 12, 2)}
2024-09-08 22:23:03.292 | INFO     | models.pipe.model:evalute_model:156 - evaluting the model performance with score : 0.7055114060940568
2024-09-08 22:23:03.296 | INFO     | models.pipe.model:save_model:172 - saving the model to directory : models/model/hypered.pkl
2024-09-08 22:23:03.302 | INFO     | __main__:main:33 - running the runner script ...
2024-09-08 22:23:03.302 | INFO     | models.model_services:load_model:67 - checking the existance of the model config file at models/model/hypered.pkl
2024-09-08 22:23:03.302 | INFO     | models.model_services:load_model:83 - model hypered.pkl exists --> loading model configuration file
2024-09-08 22:23:03.306 | INFO     | models.model_services:predict:102 - input parameters : [85, 2015, 2, 20, 1, 1, 0, 0, 1] 
2024-09-08 22:23:03.310 | INFO     | __main__:main:37 - the predication is : [2038.0702381] From the model : hypered.pkl
2024-09-08 22:28:21.731 | INFO     | models.pipe.model:build_model:37 - starting up model building Pipleline
2024-09-08 22:28:21.732 | INFO     | models.pipe.data_preparation:prepare_data:36 - Starting up preprocessing Pipeline
2024-09-08 22:28:21.732 | INFO     | models.pipe.data_collection:load_data_from_db:39 - extracting the table from the database ...
2024-09-08 22:28:21.756 | INFO     | models.pipe.data_preparation:encode_cat_cols:62 - Dummy encoding the data ['balcony', 'parking', 'furnished', 'garage', 'storage']
2024-09-08 22:28:21.762 | INFO     | models.pipe.data_preparation:parse_garden_col:89 - Parsing the garden data...
2024-09-08 22:28:21.770 | INFO     | models.pipe.data_preparation:binarize_df:108 - Binarizing the data       balcony_yes  storage_yes  parking_yes  furnished_yes  garage_yes
0            True        False        False           True       False
1            True        False         True           True       False
2            True        False         True           True       False
3            True        False        False           True       False
4           False        False        False          False       False
...           ...          ...          ...            ...         ...
1723        False        False        False           True       False
1724         True        False        False           True       False
1725        False        False        False           True       False
1726         True         True         True           True       False
1727        False         True        False           True       False

[1728 rows x 5 columns]
2024-09-08 22:28:21.778 | INFO     | models.pipe.model:get_X_y:78 - X shape : (1728, 9) , y shape : (1728,)
2024-09-08 22:28:21.779 | INFO     | models.pipe.model:split_data:100 - splitting data into train and test sets 
2024-09-08 22:28:21.780 | INFO     | models.pipe.model:train_model:123 - training a model with hyperparameters
2024-09-08 22:28:21.780 | DEBUG    | models.pipe.model:train_model:129 - grid param : {'n_estimators': range(50, 100, 20), 'criterion': ['squared_error', 'poisson', 'absolute_error', 'friedman_mse'], 'max_depth': range(6, 12, 2)}
2024-09-08 22:28:34.373 | INFO     | models.pipe.model:evalute_model:156 - evaluting the model performance with score : 0.7036364208221473
2024-09-08 22:28:34.378 | INFO     | models.pipe.model:save_model:172 - saving the model to directory : models/model/hypered.pkl
2024-09-08 22:28:34.382 | INFO     | __main__:main:33 - running the runner script ...
2024-09-08 22:28:34.383 | INFO     | models.model_services:load_model:67 - checking the existance of the model config file at models/model/hypered.pkl
2024-09-08 22:28:34.383 | INFO     | models.model_services:load_model:83 - model hypered.pkl exists --> loading model configuration file
2024-09-08 22:28:34.387 | INFO     | models.model_services:predict:102 - input parameters : [85, 2015, 2, 20, 1, 1, 0, 0, 1] 
2024-09-08 22:28:34.390 | INFO     | __main__:main:37 - the predication is : [2006.23214286] From the model : hypered.pkl
2024-09-08 22:33:11.627 | INFO     | models.pipe.model:build_model:37 - starting up model building Pipleline
2024-09-08 22:33:11.628 | INFO     | models.pipe.data_preparation:prepare_data:36 - Starting up preprocessing Pipeline
2024-09-08 22:33:11.628 | INFO     | models.pipe.data_collection:load_data_from_db:39 - extracting the table from the database ...
2024-09-08 22:33:11.645 | INFO     | models.pipe.data_preparation:encode_cat_cols:62 - Dummy encoding the data ['balcony', 'parking', 'furnished', 'garage', 'storage']
2024-09-08 22:33:11.648 | INFO     | models.pipe.data_preparation:parse_garden_col:89 - Parsing the garden data...
2024-09-08 22:33:11.655 | INFO     | models.pipe.data_preparation:binarize_df:108 - Binarizing the data       balcony_yes  storage_yes  parking_yes  furnished_yes  garage_yes
0            True        False        False           True       False
1            True        False         True           True       False
2            True        False         True           True       False
3            True        False        False           True       False
4           False        False        False          False       False
...           ...          ...          ...            ...         ...
1723        False        False        False           True       False
1724         True        False        False           True       False
1725        False        False        False           True       False
1726         True         True         True           True       False
1727        False         True        False           True       False

[1728 rows x 5 columns]
2024-09-08 22:33:11.661 | INFO     | models.pipe.model:get_X_y:78 - X shape : (1728, 9) , y shape : (1728,)
2024-09-08 22:33:11.661 | INFO     | models.pipe.model:split_data:100 - splitting data into train and test sets 
2024-09-08 22:33:11.663 | INFO     | models.pipe.model:train_model:123 - training a model with hyperparameters
2024-09-08 22:33:11.663 | DEBUG    | models.pipe.model:train_model:129 - grid param : {'n_estimators': range(50, 100, 20), 'criterion': ['squared_error', 'poisson', 'absolute_error', 'friedman_mse'], 'max_depth': range(6, 12, 2)}
2024-09-08 22:33:26.479 | INFO     | models.pipe.model:evalute_model:156 - evaluting the model performance with score : 0.7176440399665334
2024-09-08 22:33:26.483 | INFO     | models.pipe.model:save_model:172 - saving the model to directory : models/model/hypered.pkl
2024-09-08 22:33:26.489 | INFO     | __main__:main:33 - running the runner script ...
2024-09-08 22:33:26.489 | INFO     | models.model_services:load_model:67 - checking the existance of the model config file at models/model/hypered.pkl
2024-09-08 22:33:26.489 | INFO     | models.model_services:load_model:83 - model hypered.pkl exists --> loading model configuration file
2024-09-08 22:33:26.492 | INFO     | models.model_services:predict:102 - input parameters : [85, 2015, 2, 20, 1, 1, 0, 0, 1] 
2024-09-08 22:33:26.496 | INFO     | __main__:main:37 - the predication is : [2000.57142857] From the model : hypered.pkl
2024-09-08 22:33:46.769 | INFO     | models.pipe.model:build_model:37 - starting up model building Pipleline
2024-09-08 22:33:46.770 | INFO     | models.pipe.data_preparation:prepare_data:36 - Starting up preprocessing Pipeline
2024-09-08 22:33:46.770 | INFO     | models.pipe.data_collection:load_data_from_db:39 - extracting the table from the database ...
2024-09-08 22:33:46.787 | INFO     | models.pipe.data_preparation:encode_cat_cols:62 - Dummy encoding the data ['balcony', 'parking', 'furnished', 'garage', 'storage']
2024-09-08 22:33:46.791 | INFO     | models.pipe.data_preparation:parse_garden_col:89 - Parsing the garden data...
2024-09-08 22:33:46.797 | INFO     | models.pipe.data_preparation:binarize_df:108 - Binarizing the data       balcony_yes  storage_yes  parking_yes  furnished_yes  garage_yes
0            True        False        False           True       False
1            True        False         True           True       False
2            True        False         True           True       False
3            True        False        False           True       False
4           False        False        False          False       False
...           ...          ...          ...            ...         ...
1723        False        False        False           True       False
1724         True        False        False           True       False
1725        False        False        False           True       False
1726         True         True         True           True       False
1727        False         True        False           True       False

[1728 rows x 5 columns]
2024-09-08 22:33:46.804 | INFO     | models.pipe.model:get_X_y:78 - X shape : (1728, 9) , y shape : (1728,)
2024-09-08 22:33:46.804 | INFO     | models.pipe.model:split_data:100 - splitting data into train and test sets 
2024-09-08 22:33:46.805 | INFO     | models.pipe.model:train_model:123 - training a model with hyperparameters
2024-09-08 22:33:46.805 | DEBUG    | models.pipe.model:train_model:129 - grid param : {'n_estimators': range(50, 100, 20), 'criterion': ['squared_error', 'poisson', 'absolute_error', 'friedman_mse'], 'max_depth': range(6, 12, 2)}
2024-09-08 22:34:00.820 | INFO     | models.pipe.model:evalute_model:156 - evaluting the model performance with score : 0.7221366008586668
2024-09-08 22:34:00.825 | INFO     | models.pipe.model:save_model:172 - saving the model to directory : models/model/hypered.pkl
2024-09-08 22:34:00.830 | INFO     | __main__:main:33 - running the runner script ...
2024-09-08 22:34:00.830 | INFO     | models.model_services:load_model:67 - checking the existance of the model config file at models/model/hypered.pkl
2024-09-08 22:34:00.830 | INFO     | models.model_services:load_model:83 - model hypered.pkl exists --> loading model configuration file
2024-09-08 22:34:00.833 | INFO     | models.model_services:predict:102 - input parameters : [85, 2015, 2, 20, 1, 1, 0, 0, 1] 
2024-09-08 22:34:00.837 | INFO     | __main__:main:37 - the predication is : [2018.22137377] From the model : hypered.pkl
2024-09-08 22:39:02.880 | INFO     | models.pipe.model:build_model:37 - starting up model building Pipleline
2024-09-08 22:39:02.881 | INFO     | models.pipe.data_preparation:prepare_data:36 - Starting up preprocessing Pipeline
2024-09-08 22:39:02.881 | INFO     | models.pipe.data_collection:load_data_from_db:39 - extracting the table from the database ...
2024-09-08 22:39:02.908 | INFO     | models.pipe.data_preparation:encode_cat_cols:62 - Dummy encoding the data ['balcony', 'parking', 'furnished', 'garage', 'storage']
2024-09-08 22:39:02.917 | INFO     | models.pipe.data_preparation:parse_garden_col:89 - Parsing the garden data...
2024-09-08 22:39:02.925 | INFO     | models.pipe.data_preparation:binarize_df:108 - Binarizing the data       balcony_yes  storage_yes  parking_yes  furnished_yes  garage_yes
0            True        False        False           True       False
1            True        False         True           True       False
2            True        False         True           True       False
3            True        False        False           True       False
4           False        False        False          False       False
...           ...          ...          ...            ...         ...
1723        False        False        False           True       False
1724         True        False        False           True       False
1725        False        False        False           True       False
1726         True         True         True           True       False
1727        False         True        False           True       False

[1728 rows x 5 columns]
2024-09-08 22:39:02.935 | INFO     | models.pipe.model:get_X_y:78 - X shape : (1728, 9) , y shape : (1728,)
2024-09-08 22:39:02.935 | INFO     | models.pipe.model:split_data:100 - splitting data into train and test sets 
2024-09-08 22:39:02.937 | INFO     | models.pipe.model:train_model:123 - training a model with hyperparameters
2024-09-08 22:39:02.937 | DEBUG    | models.pipe.model:train_model:129 - grid param : {'n_estimators': range(50, 100, 20), 'criterion': ['squared_error', 'poisson', 'absolute_error', 'friedman_mse'], 'max_depth': range(6, 12, 2)}
2024-09-08 22:39:16.131 | INFO     | models.pipe.model:evalute_model:156 - evaluting the model performance with score : 0.7205563251987036
2024-09-08 22:39:16.136 | INFO     | models.pipe.model:save_model:172 - saving the model to directory : models/model/hypered.pkl
2024-09-08 22:39:16.144 | INFO     | __main__:main:33 - running the runner script ...
2024-09-08 22:39:16.144 | INFO     | models.model_services:load_model:67 - checking the existance of the model config file at models/model/hypered.pkl
2024-09-08 22:39:16.145 | INFO     | models.model_services:load_model:83 - model hypered.pkl exists --> loading model configuration file
2024-09-08 22:39:16.150 | INFO     | models.model_services:predict:102 - input parameters : [85, 2015, 2, 20, 1, 1, 0, 0, 1] 
2024-09-08 22:39:16.156 | INFO     | __main__:main:37 - the predication is : [2060.20281607] From the model : hypered.pkl
2024-09-08 22:42:27.409 | INFO     | models.pipe.model:build_model:37 - starting up model building Pipleline
2024-09-08 22:42:27.410 | INFO     | models.pipe.data_preparation:prepare_data:36 - Starting up preprocessing Pipeline
2024-09-08 22:42:27.410 | INFO     | models.pipe.data_collection:load_data_from_db:39 - extracting the table from the database ...
2024-09-08 22:42:27.433 | INFO     | models.pipe.data_preparation:encode_cat_cols:62 - Dummy encoding the data ['balcony', 'parking', 'furnished', 'garage', 'storage']
2024-09-08 22:42:27.438 | INFO     | models.pipe.data_preparation:parse_garden_col:89 - Parsing the garden data...
2024-09-08 22:42:27.445 | INFO     | models.pipe.data_preparation:binarize_df:108 - Binarizing the data       balcony_yes  storage_yes  parking_yes  furnished_yes  garage_yes
0            True        False        False           True       False
1            True        False         True           True       False
2            True        False         True           True       False
3            True        False        False           True       False
4           False        False        False          False       False
...           ...          ...          ...            ...         ...
1723        False        False        False           True       False
1724         True        False        False           True       False
1725        False        False        False           True       False
1726         True         True         True           True       False
1727        False         True        False           True       False

[1728 rows x 5 columns]
2024-09-08 22:42:27.453 | INFO     | models.pipe.model:get_X_y:78 - X shape : (1728, 9) , y shape : (1728,)
2024-09-08 22:42:27.453 | INFO     | models.pipe.model:split_data:100 - splitting data into train and test sets 
2024-09-08 22:42:27.454 | INFO     | models.pipe.model:train_model:123 - training a model with hyperparameters
2024-09-08 22:42:27.454 | DEBUG    | models.pipe.model:train_model:129 - grid param : {'n_estimators': range(50, 100, 20), 'criterion': ['squared_error', 'poisson', 'absolute_error', 'friedman_mse'], 'max_depth': range(6, 12, 2)}
2024-09-08 22:42:40.725 | INFO     | models.pipe.model:evalute_model:156 - evaluting the model performance with score : 0.7156743460011767
2024-09-08 22:42:40.731 | INFO     | models.pipe.model:save_model:172 - saving the model to directory : models/model/hypered.pkl
2024-09-08 22:42:40.738 | INFO     | __main__:main:33 - running the runner script ...
2024-09-08 22:42:40.738 | INFO     | models.model_services:load_model:67 - checking the existance of the model config file at models/model/hypered.pkl
2024-09-08 22:42:40.738 | INFO     | models.model_services:load_model:83 - model hypered.pkl exists --> loading model configuration file
2024-09-08 22:42:40.743 | INFO     | models.model_services:predict:102 - input parameters : [85, 2015, 2, 20, 1, 1, 0, 0, 1] 
2024-09-08 22:42:40.747 | INFO     | __main__:main:37 - the predication is : [1975.67266314] From the model : hypered.pkl
2024-09-08 22:44:34.868 | INFO     | models.pipe.model:build_model:37 - starting up model building Pipleline
2024-09-08 22:44:34.868 | INFO     | models.pipe.data_preparation:prepare_data:36 - Starting up preprocessing Pipeline
2024-09-08 22:44:34.868 | INFO     | models.pipe.data_collection:load_data_from_db:39 - extracting the table from the database ...
2024-09-08 22:44:34.886 | INFO     | models.pipe.data_preparation:encode_cat_cols:62 - Dummy encoding the data ['balcony', 'parking', 'furnished', 'garage', 'storage']
2024-09-08 22:44:34.889 | INFO     | models.pipe.data_preparation:parse_garden_col:89 - Parsing the garden data...
2024-09-08 22:44:34.894 | INFO     | models.pipe.data_preparation:binarize_df:108 - Binarizing the data       balcony_yes  storage_yes  parking_yes  furnished_yes  garage_yes
0            True        False        False           True       False
1            True        False         True           True       False
2            True        False         True           True       False
3            True        False        False           True       False
4           False        False        False          False       False
...           ...          ...          ...            ...         ...
1723        False        False        False           True       False
1724         True        False        False           True       False
1725        False        False        False           True       False
1726         True         True         True           True       False
1727        False         True        False           True       False

[1728 rows x 5 columns]
2024-09-08 22:44:34.901 | INFO     | models.pipe.model:get_X_y:78 - X shape : (1728, 9) , y shape : (1728,)
2024-09-08 22:44:34.901 | INFO     | models.pipe.model:split_data:100 - splitting data into train and test sets 
2024-09-08 22:44:34.902 | INFO     | models.pipe.model:train_model:123 - training a model with hyperparameters
2024-09-08 22:44:34.902 | DEBUG    | models.pipe.model:train_model:129 - grid param : {'n_estimators': range(50, 100, 20), 'criterion': ['squared_error', 'poisson', 'absolute_error', 'friedman_mse'], 'max_depth': range(6, 12, 2)}
2024-09-08 22:44:48.760 | INFO     | models.pipe.model:evalute_model:156 - evaluting the model performance with score : 0.724484878424682
2024-09-08 22:44:48.766 | INFO     | models.pipe.model:save_model:172 - saving the model to directory : models/model/hypered.pkl
2024-09-08 22:44:48.770 | INFO     | __main__:main:33 - running the runner script ...
2024-09-08 22:44:48.771 | INFO     | models.model_services:load_model:67 - checking the existance of the model config file at models/model/hypered.pkl
2024-09-08 22:44:48.771 | INFO     | models.model_services:load_model:83 - model hypered.pkl exists --> loading model configuration file
2024-09-08 22:44:48.774 | INFO     | models.model_services:predict:102 - input parameters : [85, 2015, 2, 20, 1, 1, 0, 0, 1] 
2024-09-08 22:44:48.778 | INFO     | __main__:main:37 - the predication is : [1989.16097377] From the model : hypered.pkl
2024-09-08 22:55:25.673 | INFO     | models.pipe.model:build_model:37 - starting up model building Pipleline
2024-09-08 22:55:25.674 | INFO     | models.pipe.data_preparation:prepare_data:36 - Starting up preprocessing Pipeline
2024-09-08 22:55:25.674 | INFO     | models.pipe.data_collection:load_data_from_db:39 - extracting the table from the database ...
2024-09-08 22:55:25.702 | INFO     | models.pipe.data_preparation:encode_cat_cols:62 - Dummy encoding the data ['balcony', 'parking', 'furnished', 'garage', 'storage']
2024-09-08 22:55:25.711 | INFO     | models.pipe.data_preparation:parse_garden_col:89 - Parsing the garden data...
2024-09-08 22:55:25.720 | INFO     | models.pipe.data_preparation:binarize_df:108 - Binarizing the data       balcony_yes  storage_yes  parking_yes  furnished_yes  garage_yes
0            True        False        False           True       False
1            True        False         True           True       False
2            True        False         True           True       False
3            True        False        False           True       False
4           False        False        False          False       False
...           ...          ...          ...            ...         ...
1723        False        False        False           True       False
1724         True        False        False           True       False
1725        False        False        False           True       False
1726         True         True         True           True       False
1727        False         True        False           True       False

[1728 rows x 5 columns]
2024-09-08 22:55:25.740 | INFO     | models.pipe.model:get_X_y:78 - X shape : (1728, 9) , y shape : (1728,)
2024-09-08 22:55:25.742 | INFO     | models.pipe.model:split_data:100 - splitting data into train and test sets 
2024-09-08 22:55:25.750 | INFO     | models.pipe.model:train_model:123 - training a model with hyperparameters
2024-09-08 22:55:25.750 | DEBUG    | models.pipe.model:train_model:129 - grid param : {'n_estimators': range(50, 100, 20), 'criterion': ['squared_error', 'poisson', 'absolute_error', 'friedman_mse'], 'max_depth': range(6, 12, 2)}
2024-09-08 22:55:40.133 | INFO     | models.pipe.model:evalute_model:156 - evaluting the model performance with score : 0.7304653359594789
2024-09-08 22:55:40.139 | INFO     | models.pipe.model:save_model:172 - saving the model to directory : models/model/hypered.pkl
2024-09-08 22:55:40.146 | INFO     | __main__:main:33 - running the runner script ...
2024-09-08 22:55:40.146 | INFO     | models.model_services:load_model:67 - checking the existance of the model config file at models/model/hypered.pkl
2024-09-08 22:55:40.146 | INFO     | models.model_services:load_model:83 - model hypered.pkl exists --> loading model configuration file
2024-09-08 22:55:40.151 | INFO     | models.model_services:predict:102 - input parameters : [85, 2015, 2, 20, 1, 1, 0, 0, 1] 
2024-09-08 22:55:40.156 | INFO     | __main__:main:37 - the predication is : [1967.72736115] From the model : hypered.pkl
2024-09-10 13:56:04.636 | INFO     | models.pipe.model:build_model:37 - starting up model building Pipleline
2024-09-10 13:56:04.636 | INFO     | models.pipe.data_preparation:prepare_data:36 - Starting up preprocessing Pipeline
2024-09-10 13:56:04.637 | INFO     | models.pipe.data_collection:load_data_from_db:39 - extracting the table from the database ...
2024-09-10 13:56:04.663 | INFO     | models.pipe.data_preparation:encode_cat_cols:62 - Dummy encoding the data ['balcony', 'parking', 'furnished', 'garage', 'storage']
2024-09-10 13:56:04.669 | INFO     | models.pipe.data_preparation:parse_garden_col:89 - Parsing the garden data...
2024-09-10 13:56:04.677 | INFO     | models.pipe.data_preparation:binarize_df:108 - Binarizing the data       balcony_yes  storage_yes  parking_yes  furnished_yes  garage_yes
0            True        False        False           True       False
1            True        False         True           True       False
2            True        False         True           True       False
3            True        False        False           True       False
4           False        False        False          False       False
...           ...          ...          ...            ...         ...
1723        False        False        False           True       False
1724         True        False        False           True       False
1725        False        False        False           True       False
1726         True         True         True           True       False
1727        False         True        False           True       False

[1728 rows x 5 columns]
2024-09-10 13:56:04.686 | INFO     | models.pipe.model:get_X_y:78 - X shape : (1728, 9) , y shape : (1728,)
2024-09-10 13:56:04.686 | INFO     | models.pipe.model:split_data:100 - splitting data into train and test sets 
2024-09-10 13:56:04.688 | INFO     | models.pipe.model:train_model:123 - training a model with hyperparameters
2024-09-10 13:56:04.688 | DEBUG    | models.pipe.model:train_model:129 - grid param : {'n_estimators': range(50, 100, 20), 'criterion': ['squared_error', 'poisson', 'absolute_error', 'friedman_mse'], 'max_depth': range(6, 12, 2)}
2024-09-10 13:56:17.035 | INFO     | models.pipe.model:evalute_model:156 - evaluting the model performance with score : 0.7223702549517778
2024-09-10 13:56:17.039 | INFO     | models.pipe.model:save_model:172 - saving the model to directory : models/model/hypered.pkl
2024-09-10 13:56:17.046 | INFO     | __main__:main:33 - running the runner script ...
2024-09-10 13:56:17.046 | INFO     | models.model_services:load_model:67 - checking the existance of the model config file at models/model/hypered.pkl
2024-09-10 13:56:17.047 | INFO     | models.model_services:load_model:83 - model hypered.pkl exists --> loading model configuration file
2024-09-10 13:56:17.051 | INFO     | models.model_services:predict:102 - input parameters : [85, 2015, 2, 20, 1, 1, 0, 0, 1] 
2024-09-10 13:56:17.055 | INFO     | __main__:main:37 - the predication is : [1998.78078231] From the model : hypered.pkl
2024-09-10 20:11:52.353 | INFO     | models.pipe.model:build_model:37 - starting up model building Pipleline
2024-09-10 20:11:52.354 | INFO     | models.pipe.data_preparation:prepare_data:36 - Starting up preprocessing Pipeline
2024-09-10 20:11:52.354 | INFO     | models.pipe.data_collection:load_data_from_db:39 - extracting the table from the database ...
2024-09-10 20:11:52.380 | INFO     | models.pipe.data_preparation:encode_cat_cols:62 - Dummy encoding the data ['balcony', 'parking', 'furnished', 'garage', 'storage']
2024-09-10 20:11:52.387 | INFO     | models.pipe.data_preparation:parse_garden_col:89 - Parsing the garden data...
2024-09-10 20:11:52.396 | INFO     | models.pipe.data_preparation:binarize_df:108 - Binarizing the data       balcony_yes  storage_yes  parking_yes  furnished_yes  garage_yes
0            True        False        False           True       False
1            True        False         True           True       False
2            True        False         True           True       False
3            True        False        False           True       False
4           False        False        False          False       False
...           ...          ...          ...            ...         ...
1723        False        False        False           True       False
1724         True        False        False           True       False
1725        False        False        False           True       False
1726         True         True         True           True       False
1727        False         True        False           True       False

[1728 rows x 5 columns]
2024-09-10 20:11:52.405 | INFO     | models.pipe.model:get_X_y:78 - X shape : (1728, 9) , y shape : (1728,)
2024-09-10 20:11:52.405 | INFO     | models.pipe.model:split_data:100 - splitting data into train and test sets 
2024-09-10 20:11:52.407 | INFO     | models.pipe.model:train_model:123 - training a model with hyperparameters
2024-09-10 20:11:52.407 | DEBUG    | models.pipe.model:train_model:129 - grid param : {'n_estimators': range(50, 100, 20), 'criterion': ['squared_error', 'poisson', 'absolute_error', 'friedman_mse'], 'max_depth': range(6, 12, 2)}
2024-09-10 20:12:08.247 | INFO     | models.pipe.model:evalute_model:156 - evaluting the model performance with score : 0.7249059885818787
2024-09-10 20:12:08.254 | INFO     | models.pipe.model:save_model:172 - saving the model to directory : models/model/hypered.pkl
2024-09-10 20:12:08.262 | INFO     | __main__:main:33 - running the runner script ...
2024-09-10 20:12:08.262 | INFO     | models.model_services:load_model:67 - checking the existance of the model config file at models/model/hypered.pkl
2024-09-10 20:12:08.262 | INFO     | models.model_services:load_model:83 - model hypered.pkl exists --> loading model configuration file
2024-09-10 20:12:08.267 | INFO     | models.model_services:predict:102 - input parameters : [85, 2015, 2, 20, 1, 1, 0, 0, 1] 
2024-09-10 20:12:08.272 | INFO     | __main__:main:37 - the predication is : [1991.71111111] From the model : hypered.pkl
2024-09-10 20:12:52.706 | INFO     | models.pipe.model:build_model:37 - starting up model building Pipleline
2024-09-10 20:12:52.707 | INFO     | models.pipe.data_preparation:prepare_data:36 - Starting up preprocessing Pipeline
2024-09-10 20:12:52.707 | INFO     | models.pipe.data_collection:load_data_from_db:39 - extracting the table from the database ...
2024-09-10 20:12:52.722 | INFO     | models.pipe.data_preparation:encode_cat_cols:62 - Dummy encoding the data ['balcony', 'parking', 'furnished', 'garage', 'storage']
2024-09-10 20:12:52.726 | INFO     | models.pipe.data_preparation:parse_garden_col:89 - Parsing the garden data...
2024-09-10 20:12:52.732 | INFO     | models.pipe.data_preparation:binarize_df:108 - Binarizing the data       balcony_yes  storage_yes  parking_yes  furnished_yes  garage_yes
0            True        False        False           True       False
1            True        False         True           True       False
2            True        False         True           True       False
3            True        False        False           True       False
4           False        False        False          False       False
...           ...          ...          ...            ...         ...
1723        False        False        False           True       False
1724         True        False        False           True       False
1725        False        False        False           True       False
1726         True         True         True           True       False
1727        False         True        False           True       False

[1728 rows x 5 columns]
2024-09-10 20:12:52.739 | INFO     | models.pipe.model:get_X_y:78 - X shape : (1728, 9) , y shape : (1728,)
2024-09-10 20:12:52.740 | INFO     | models.pipe.model:split_data:100 - splitting data into train and test sets 
2024-09-10 20:12:52.741 | INFO     | models.pipe.model:train_model:123 - training a model with hyperparameters
2024-09-10 20:12:52.741 | DEBUG    | models.pipe.model:train_model:129 - grid param : {'n_estimators': range(50, 100, 20), 'criterion': ['squared_error', 'poisson', 'absolute_error', 'friedman_mse'], 'max_depth': range(6, 12, 2)}
2024-09-10 20:13:05.868 | INFO     | models.pipe.model:evalute_model:156 - evaluting the model performance with score : 0.7093108798119445
2024-09-10 20:13:05.873 | INFO     | models.pipe.model:save_model:172 - saving the model to directory : models/model/hypered.pkl
2024-09-10 20:13:05.876 | INFO     | __main__:main:33 - running the runner script ...
2024-09-10 20:13:05.876 | INFO     | models.model_services:load_model:67 - checking the existance of the model config file at models/model/hypered.pkl
2024-09-10 20:13:05.877 | INFO     | models.model_services:load_model:83 - model hypered.pkl exists --> loading model configuration file
2024-09-10 20:13:05.878 | INFO     | models.model_services:predict:102 - input parameters : [85, 2015, 2, 20, 1, 1, 0, 0, 1] 
2024-09-10 20:13:05.882 | INFO     | __main__:main:37 - the predication is : [2009.08031655] From the model : hypered.pkl
2024-09-10 20:44:23.858 | INFO     | models.pipe.model:build_model:37 - starting up model building Pipleline
2024-09-10 20:44:23.859 | INFO     | models.pipe.data_preparation:prepare_data:36 - Starting up preprocessing Pipeline
2024-09-10 20:44:23.860 | INFO     | models.pipe.data_collection:load_data_from_db:39 - extracting the table from the database ...
2024-09-10 20:44:23.891 | INFO     | models.pipe.data_preparation:encode_cat_cols:62 - Dummy encoding the data ['balcony', 'parking', 'furnished', 'garage', 'storage']
2024-09-10 20:44:23.900 | INFO     | models.pipe.data_preparation:parse_garden_col:89 - Parsing the garden data...
2024-09-10 20:44:23.911 | INFO     | models.pipe.data_preparation:binarize_df:108 - Binarizing the data       balcony_yes  storage_yes  parking_yes  furnished_yes  garage_yes
0            True        False        False           True       False
1            True        False         True           True       False
2            True        False         True           True       False
3            True        False        False           True       False
4           False        False        False          False       False
...           ...          ...          ...            ...         ...
1723        False        False        False           True       False
1724         True        False        False           True       False
1725        False        False        False           True       False
1726         True         True         True           True       False
1727        False         True        False           True       False

[1728 rows x 5 columns]
2024-09-10 20:44:23.922 | INFO     | models.pipe.model:get_X_y:78 - X shape : (1728, 9) , y shape : (1728,)
2024-09-10 20:44:23.922 | INFO     | models.pipe.model:split_data:100 - splitting data into train and test sets 
2024-09-10 20:44:23.924 | INFO     | models.pipe.model:train_model:123 - training a model with hyperparameters
2024-09-10 20:44:23.924 | DEBUG    | models.pipe.model:train_model:129 - grid param : {'n_estimators': range(50, 100, 20), 'criterion': ['squared_error', 'poisson', 'absolute_error', 'friedman_mse'], 'max_depth': range(6, 12, 2)}
2024-09-10 20:44:40.414 | INFO     | models.pipe.model:evalute_model:156 - evaluting the model performance with score : 0.7238721578350739
2024-09-10 20:44:40.420 | INFO     | models.pipe.model:save_model:172 - saving the model to directory : models/model/hypered.pkl
2024-09-10 20:44:40.428 | INFO     | __main__:main:33 - running the runner script ...
2024-09-10 20:44:40.428 | INFO     | models.model_services:load_model:67 - checking the existance of the model config file at models/model/hypered.pkl
2024-09-10 20:44:40.428 | INFO     | models.model_services:load_model:83 - model hypered.pkl exists --> loading model configuration file
2024-09-10 20:44:40.433 | INFO     | models.model_services:predict:102 - input parameters : [85, 2015, 2, 20, 1, 1, 0, 0, 1] 
2024-09-10 20:44:40.438 | INFO     | __main__:main:37 - the predication is : [1955.19689239] From the model : hypered.pkl
2024-09-12 03:30:33.000 | INFO     | models.pipe.model:build_model:37 - starting up model building Pipleline
2024-09-12 03:30:33.001 | INFO     | models.pipe.data_preparation:prepare_data:36 - Starting up preprocessing Pipeline
2024-09-12 03:30:33.001 | INFO     | models.pipe.data_collection:load_data_from_db:39 - extracting the table from the database ...
2024-09-12 03:30:33.026 | INFO     | models.pipe.data_preparation:encode_cat_cols:62 - Dummy encoding the data ['balcony', 'parking', 'furnished', 'garage', 'storage']
2024-09-12 03:30:33.032 | INFO     | models.pipe.data_preparation:parse_garden_col:89 - Parsing the garden data...
2024-09-12 03:30:33.041 | INFO     | models.pipe.data_preparation:binarize_df:108 - Binarizing the data       balcony_yes  storage_yes  parking_yes  furnished_yes  garage_yes
0            True        False        False           True       False
1            True        False         True           True       False
2            True        False         True           True       False
3            True        False        False           True       False
4           False        False        False          False       False
...           ...          ...          ...            ...         ...
1723        False        False        False           True       False
1724         True        False        False           True       False
1725        False        False        False           True       False
1726         True         True         True           True       False
1727        False         True        False           True       False

[1728 rows x 5 columns]
2024-09-12 03:30:33.049 | INFO     | models.pipe.model:get_X_y:78 - X shape : (1728, 9) , y shape : (1728,)
2024-09-12 03:30:33.050 | INFO     | models.pipe.model:split_data:100 - splitting data into train and test sets 
2024-09-12 03:30:33.052 | INFO     | models.pipe.model:train_model:123 - training a model with hyperparameters
2024-09-12 03:30:33.052 | DEBUG    | models.pipe.model:train_model:129 - grid param : {'n_estimators': range(50, 100, 20), 'criterion': ['squared_error', 'poisson', 'absolute_error', 'friedman_mse'], 'max_depth': range(6, 12, 2)}
2024-09-12 03:30:46.650 | INFO     | models.pipe.model:evalute_model:156 - evaluting the model performance with score : 0.7211530749956478
2024-09-12 03:30:46.655 | INFO     | models.pipe.model:save_model:172 - saving the model to directory : models/model/hypered.pkl
2024-09-12 03:30:46.661 | INFO     | __main__:main:33 - running the runner script ...
2024-09-12 03:30:46.662 | INFO     | models.model_services:load_model:67 - checking the existance of the model config file at models/model/hypered.pkl
2024-09-12 03:30:46.662 | INFO     | models.model_services:load_model:83 - model hypered.pkl exists --> loading model configuration file
2024-09-12 03:30:46.664 | INFO     | models.model_services:predict:102 - input parameters : [85, 2015, 2, 20, 1, 1, 0, 0, 1] 
2024-09-12 03:30:46.668 | INFO     | __main__:main:37 - the predication is : [2028.4870776] From the model : hypered.pkl
2024-09-12 14:23:19.897 | INFO     | models.pipe.model:build_model:37 - starting up model building Pipleline
2024-09-12 14:23:19.898 | INFO     | models.pipe.data_preparation:prepare_data:36 - Starting up preprocessing Pipeline
2024-09-12 14:23:19.898 | INFO     | models.pipe.data_collection:load_data_from_db:39 - extracting the table from the database ...
2024-09-12 14:23:19.925 | INFO     | models.pipe.data_preparation:encode_cat_cols:62 - Dummy encoding the data ['balcony', 'parking', 'furnished', 'garage', 'storage']
2024-09-12 14:23:19.931 | INFO     | models.pipe.data_preparation:parse_garden_col:89 - Parsing the garden data...
2024-09-12 14:23:19.941 | INFO     | models.pipe.data_preparation:binarize_df:108 - Binarizing the data       balcony_yes  storage_yes  parking_yes  furnished_yes  garage_yes
0            True        False        False           True       False
1            True        False         True           True       False
2            True        False         True           True       False
3            True        False        False           True       False
4           False        False        False          False       False
...           ...          ...          ...            ...         ...
1723        False        False        False           True       False
1724         True        False        False           True       False
1725        False        False        False           True       False
1726         True         True         True           True       False
1727        False         True        False           True       False

[1728 rows x 5 columns]
2024-09-12 14:23:19.948 | INFO     | models.pipe.model:get_X_y:78 - X shape : (1728, 9) , y shape : (1728,)
2024-09-12 14:23:19.949 | INFO     | models.pipe.model:split_data:100 - splitting data into train and test sets 
2024-09-12 14:23:19.951 | INFO     | models.pipe.model:train_model:123 - training a model with hyperparameters
2024-09-12 14:23:19.951 | DEBUG    | models.pipe.model:train_model:129 - grid param : {'n_estimators': range(50, 100, 20), 'criterion': ['squared_error', 'poisson', 'absolute_error', 'friedman_mse'], 'max_depth': range(6, 12, 2)}
2024-09-12 14:23:32.474 | INFO     | models.pipe.model:evalute_model:156 - evaluting the model performance with score : 0.7291778083433347
2024-09-12 14:23:32.479 | INFO     | models.pipe.model:save_model:172 - saving the model to directory : models/model/hypered.pkl
2024-09-12 14:23:32.486 | INFO     | __main__:main:33 - running the runner script ...
2024-09-12 14:23:32.486 | INFO     | models.model_services:load_model:67 - checking the existance of the model config file at models/model/hypered.pkl
2024-09-12 14:23:32.486 | INFO     | models.model_services:load_model:83 - model hypered.pkl exists --> loading model configuration file
2024-09-12 14:23:32.493 | INFO     | models.model_services:predict:102 - input parameters : [85, 2015, 2, 20, 1, 1, 0, 0, 1] 
2024-09-12 14:23:32.497 | INFO     | __main__:main:37 - the predication is : [2010.56897639] From the model : hypered.pkl
2024-09-12 19:16:33.818 | INFO     | models.pipe.model:build_model:37 - starting up model building Pipleline
2024-09-12 19:16:33.819 | INFO     | models.pipe.data_preparation:prepare_data:36 - Starting up preprocessing Pipeline
2024-09-12 19:16:33.819 | INFO     | models.pipe.data_collection:load_data_from_db:39 - extracting the table from the database ...
2024-09-12 19:16:33.850 | INFO     | models.pipe.data_preparation:encode_cat_cols:62 - Dummy encoding the data ['balcony', 'parking', 'furnished', 'garage', 'storage']
2024-09-12 19:16:33.859 | INFO     | models.pipe.data_preparation:parse_garden_col:89 - Parsing the garden data...
2024-09-12 19:16:33.870 | INFO     | models.pipe.data_preparation:binarize_df:108 - Binarizing the data       balcony_yes  storage_yes  parking_yes  furnished_yes  garage_yes
0            True        False        False           True       False
1            True        False         True           True       False
2            True        False         True           True       False
3            True        False        False           True       False
4           False        False        False          False       False
...           ...          ...          ...            ...         ...
1723        False        False        False           True       False
1724         True        False        False           True       False
1725        False        False        False           True       False
1726         True         True         True           True       False
1727        False         True        False           True       False

[1728 rows x 5 columns]
2024-09-12 19:16:33.881 | INFO     | models.pipe.model:get_X_y:78 - X shape : (1728, 9) , y shape : (1728,)
2024-09-12 19:16:33.881 | INFO     | models.pipe.model:split_data:100 - splitting data into train and test sets 
2024-09-12 19:16:33.884 | INFO     | models.pipe.model:train_model:123 - training a model with hyperparameters
2024-09-12 19:16:33.884 | DEBUG    | models.pipe.model:train_model:129 - grid param : {'n_estimators': range(50, 100, 20), 'criterion': ['squared_error', 'poisson', 'absolute_error', 'friedman_mse'], 'max_depth': range(6, 12, 2)}
2024-09-12 19:16:49.164 | INFO     | models.pipe.model:evalute_model:156 - evaluting the model performance with score : 0.7324871773742885
2024-09-12 19:16:49.172 | INFO     | models.pipe.model:save_model:172 - saving the model to directory : models/model/hypered.pkl
2024-09-12 19:16:49.180 | INFO     | __main__:main:33 - running the runner script ...
2024-09-12 19:16:49.180 | INFO     | models.model_services:load_model:67 - checking the existance of the model config file at models/model/hypered.pkl
2024-09-12 19:16:49.180 | INFO     | models.model_services:load_model:83 - model hypered.pkl exists --> loading model configuration file
2024-09-12 19:16:49.186 | INFO     | models.model_services:predict:102 - input parameters : [85, 2015, 2, 20, 1, 1, 0, 0, 1] 
2024-09-12 19:16:49.190 | INFO     | __main__:main:37 - the predication is : [1998.62797619] From the model : hypered.pkl
2024-09-13 13:23:06.202 | INFO     | models.pipe.model:build_model:37 - starting up model building Pipleline
2024-09-13 13:23:06.202 | INFO     | models.pipe.data_preparation:prepare_data:36 - Starting up preprocessing Pipeline
2024-09-13 13:23:06.202 | INFO     | models.pipe.data_collection:load_data_from_db:39 - extracting the table from the database ...
2024-09-13 13:23:06.228 | INFO     | models.pipe.data_preparation:encode_cat_cols:62 - Dummy encoding the data ['balcony', 'parking', 'furnished', 'garage', 'storage']
2024-09-13 13:23:06.236 | INFO     | models.pipe.data_preparation:parse_garden_col:89 - Parsing the garden data...
2024-09-13 13:23:06.244 | INFO     | models.pipe.data_preparation:binarize_df:108 - Binarizing the data       balcony_yes  storage_yes  parking_yes  furnished_yes  garage_yes
0            True        False        False           True       False
1            True        False         True           True       False
2            True        False         True           True       False
3            True        False        False           True       False
4           False        False        False          False       False
...           ...          ...          ...            ...         ...
1723        False        False        False           True       False
1724         True        False        False           True       False
1725        False        False        False           True       False
1726         True         True         True           True       False
1727        False         True        False           True       False

[1728 rows x 5 columns]
2024-09-13 13:23:06.253 | INFO     | models.pipe.model:get_X_y:78 - X shape : (1728, 9) , y shape : (1728,)
2024-09-13 13:23:06.253 | INFO     | models.pipe.model:split_data:100 - splitting data into train and test sets 
2024-09-13 13:23:06.255 | INFO     | models.pipe.model:train_model:123 - training a model with hyperparameters
2024-09-13 13:23:06.255 | DEBUG    | models.pipe.model:train_model:129 - grid param : {'n_estimators': range(50, 100, 20), 'criterion': ['squared_error', 'poisson', 'absolute_error', 'friedman_mse'], 'max_depth': range(6, 12, 2)}
2024-09-13 13:23:18.877 | INFO     | models.pipe.model:evalute_model:156 - evaluting the model performance with score : 0.7112056359145333
2024-09-13 13:23:18.882 | INFO     | models.pipe.model:save_model:172 - saving the model to directory : models/model/hypered.pkl
2024-09-13 13:23:18.888 | INFO     | __main__:main:33 - running the runner script ...
2024-09-13 13:23:18.888 | INFO     | models.model_services:load_model:67 - checking the existance of the model config file at models/model/hypered.pkl
2024-09-13 13:23:18.889 | INFO     | models.model_services:load_model:83 - model hypered.pkl exists --> loading model configuration file
2024-09-13 13:23:18.892 | INFO     | models.model_services:predict:102 - input parameters : [85, 2015, 2, 20, 1, 1, 0, 0, 1] 
2024-09-13 13:23:18.896 | INFO     | __main__:main:37 - the predication is : [2026.0467803] From the model : hypered.pkl
