2025-03-04 23:48:37.651 | INFO     | models.pipe.model:build_model:31 - starting up model building pipleline
2025-03-04 23:48:37.653 | INFO     | models.pipe.data_preparation:prepare_data:33 - Starting up preprocessing Pipeline
2025-03-04 23:48:37.653 | INFO     | models.pipe.data_collection:load_data_from_db:35 - extracting the table from the database ...
2025-03-04 23:48:37.665 | INFO     | models.pipe.data_preparation:encode_cat_cols:61 - Dummy encoding the data ['balcony', 'parking', 'furnished', 'garage', 'storage']
2025-03-04 23:48:37.669 | INFO     | models.pipe.data_preparation:parse_garden_col:89 - Parsing the garden data...
2025-03-04 23:48:37.674 | INFO     | models.pipe.data_preparation:binarize_df:121 - Binarizing the data       balcony_yes  storage_yes  parking_yes  furnished_yes  garage_yes
0            True        False        False           True       False
1            True        False         True           True       False
2            True        False         True           True       False
3            True        False        False           True       False
4           False        False        False          False       False
...           ...          ...          ...            ...         ...
1723        False        False        False           True       False
1724         True        False        False           True       False
1725        False        False        False           True       False
1726         True         True         True           True       False
1727        False         True        False           True       False

[1728 rows x 5 columns]
2025-03-04 23:48:37.679 | INFO     | models.pipe.model:_get_X_y:88 -  definign X and X variables.['area', 'constraction_year', 'bedrooms', 'garden', 'balcony_yes', 'parking_yes', 'furnished_yes', 'garage_yes', 'storage_yes'] ; rent
2025-03-04 23:48:37.679 | INFO     | models.pipe.model:_split_train_test:113 - splitting data into train and test sets 
2025-03-04 23:48:37.680 | INFO     | models.pipe.model:_train_model:141 - training a model with hyperparameters
2025-03-04 23:48:37.680 | DEBUG    | models.pipe.model:_train_model:152 - grid param : {'n_estimators': range(50, 100, 20), 'criterion': ['squared_error', 'poisson', 'absolute_error', 'friedman_mse'], 'max_depth': range(6, 12, 2)}
2025-03-04 23:48:46.256 | INFO     | models.pipe.model:_evalute_model:189 - evaluting the model performance with score : 0.7239398652819053
2025-03-04 23:48:46.256 | INFO     | models.pipe.model:_save_model:207 - saving the model to directory : models/model/base_rf.pkl
2025-03-04 23:48:46.260 | INFO     | __main__:main:21 - running the runner builder script ...
2025-03-04 23:48:46.260 | INFO     | models.model_builder:train_model:54 - Building the model config file at models/model/base_rf.pkl
2025-03-04 23:48:46.260 | INFO     | models.pipe.model:build_model:31 - starting up model building pipleline
2025-03-04 23:48:46.260 | INFO     | models.pipe.data_preparation:prepare_data:33 - Starting up preprocessing Pipeline
2025-03-04 23:48:46.260 | INFO     | models.pipe.data_collection:load_data_from_db:35 - extracting the table from the database ...
2025-03-04 23:48:46.267 | INFO     | models.pipe.data_preparation:encode_cat_cols:61 - Dummy encoding the data ['balcony', 'parking', 'furnished', 'garage', 'storage']
2025-03-04 23:48:46.269 | INFO     | models.pipe.data_preparation:parse_garden_col:89 - Parsing the garden data...
2025-03-04 23:48:46.273 | INFO     | models.pipe.data_preparation:binarize_df:121 - Binarizing the data       balcony_yes  storage_yes  parking_yes  furnished_yes  garage_yes
0            True        False        False           True       False
1            True        False         True           True       False
2            True        False         True           True       False
3            True        False        False           True       False
4           False        False        False          False       False
...           ...          ...          ...            ...         ...
1723        False        False        False           True       False
1724         True        False        False           True       False
1725        False        False        False           True       False
1726         True         True         True           True       False
1727        False         True        False           True       False

[1728 rows x 5 columns]
2025-03-04 23:48:46.277 | INFO     | models.pipe.model:_get_X_y:88 -  definign X and X variables.['area', 'constraction_year', 'bedrooms', 'garden', 'balcony_yes', 'parking_yes', 'furnished_yes', 'garage_yes', 'storage_yes'] ; rent
2025-03-04 23:48:46.277 | INFO     | models.pipe.model:_split_train_test:113 - splitting data into train and test sets 
2025-03-04 23:48:46.278 | INFO     | models.pipe.model:_train_model:141 - training a model with hyperparameters
2025-03-04 23:48:46.278 | DEBUG    | models.pipe.model:_train_model:152 - grid param : {'n_estimators': range(50, 100, 20), 'criterion': ['squared_error', 'poisson', 'absolute_error', 'friedman_mse'], 'max_depth': range(6, 12, 2)}
2025-03-04 23:48:54.600 | INFO     | models.pipe.model:_evalute_model:189 - evaluting the model performance with score : 0.7054248622373381
2025-03-04 23:48:54.601 | INFO     | models.pipe.model:_save_model:207 - saving the model to directory : models/model/base_rf.pkl
2025-03-04 23:49:27.636 | INFO     | __main__:main:32 - running the runner script ...
2025-03-04 23:49:27.636 | INFO     | models.model_inference:load_model:55 - checking the existance of the model config file at models/model/base_rf.pkl
2025-03-04 23:49:27.636 | INFO     | models.model_inference:load_model:71 - model base_rf.pkl exists --> loading model configuration file
2025-03-04 23:49:28.407 | INFO     | models.model_inference:predict:90 - input parameters : [85, 2015, 2, 20, 1, 1, 0, 0, 1] 
2025-03-04 23:49:28.409 | INFO     | __main__:main:48 - Prediction: [1997.14]
