2024-08-09 16:24:27.939 | INFO     | model:build_model:12 - starting up model building Pipleline
2024-08-09 16:24:27.940 | INFO     | data_preparation:prepare_data:8 - Starting up preprocessing Pipeline
2024-08-09 16:24:27.940 | INFO     | data_collection:load_data:7 - Loading CSV file at path rent_apartments.csv
2024-08-09 16:24:27.949 | INFO     | data_preparation:encode_cat_cols:22 - Dummy encoding the data ['balcony', 'parking', 'furnished', 'garage', 'storage']
2024-08-09 16:24:27.953 | INFO     | data_preparation:parse_garden_col:37 - Parsing the garden data...
2024-08-09 16:24:27.961 | INFO     | data_preparation:binarize_df:44 - Binarizing the data       balcony_yes  storage_yes  parking_yes  furnished_yes  garage_yes
0            True        False        False           True       False
1            True        False         True           True       False
2            True        False         True           True       False
3            True        False        False           True       False
4           False        False        False          False       False
...           ...          ...          ...            ...         ...
1723        False        False        False           True       False
1724         True        False        False           True       False
1725        False        False        False           True       False
1726         True         True         True           True       False
1727        False         True        False           True       False

[1728 rows x 5 columns]
2024-08-09 16:24:27.967 | INFO     | model:get_X_y:39 - X shape : (1728, 9) , y shape : (1728,)
2024-08-09 16:24:27.967 | INFO     | model:split_data:44 - splitting data into train and test sets 
2024-08-09 16:24:27.969 | INFO     | model:train_model:54 - training a model with hyperparameters
2024-08-09 16:24:40.261 | INFO     | model:evalute_model:73 - evaluting the model performance with score : 0.713772841666218
2024-08-09 16:24:40.266 | INFO     | model:save_model:78 - saving the model to directory : model/hypered_rf.pkl
2024-08-09 16:24:40.269 | INFO     | __main__:main:7 - running the script ...
2024-08-09 16:24:40.269 | INFO     | model_services:load_model:11 - loading the model from directory : model/hypered_rf.pkl
2024-08-09 16:24:40.269 | INFO     | model_services:load_model:17 - model hypered_rf.pkl exists --> loading model configuration file
2024-08-09 16:24:40.271 | INFO     | model_services:predict:21 - input parameters : [85, 2015, 2, 20, 1, 1, 0, 0, 1] making prediction !
2024-08-09 16:24:40.275 | INFO     | __main__:main:11 - the predication is : [1964.82224629] and the type is : <class 'numpy.ndarray'>
2024-08-09 16:26:35.066 | INFO     | model:build_model:12 - starting up model building Pipleline
2024-08-09 16:26:35.066 | INFO     | data_preparation:prepare_data:8 - Starting up preprocessing Pipeline
2024-08-09 16:26:35.066 | INFO     | data_collection:load_data:7 - Loading CSV file at path rent_apartments.csv
2024-08-09 16:26:35.074 | INFO     | data_preparation:encode_cat_cols:22 - Dummy encoding the data ['balcony', 'parking', 'furnished', 'garage', 'storage']
2024-08-09 16:26:35.077 | INFO     | data_preparation:parse_garden_col:37 - Parsing the garden data...
2024-08-09 16:26:35.083 | INFO     | data_preparation:binarize_df:44 - Binarizing the data       balcony_yes  storage_yes  parking_yes  furnished_yes  garage_yes
0            True        False        False           True       False
1            True        False         True           True       False
2            True        False         True           True       False
3            True        False        False           True       False
4           False        False        False          False       False
...           ...          ...          ...            ...         ...
1723        False        False        False           True       False
1724         True        False        False           True       False
1725        False        False        False           True       False
1726         True         True         True           True       False
1727        False         True        False           True       False

[1728 rows x 5 columns]
2024-08-09 16:26:35.089 | INFO     | model:get_X_y:39 - X shape : (1728, 9) , y shape : (1728,)
2024-08-09 16:26:35.089 | INFO     | model:split_data:44 - splitting data into train and test sets 
2024-08-09 16:26:35.091 | INFO     | model:train_model:54 - training a model with hyperparameters
2024-08-09 16:26:47.569 | INFO     | model:evalute_model:73 - evaluting the model performance with score : 0.7005718908378815
2024-08-09 16:26:47.574 | INFO     | model:save_model:78 - saving the model to directory : model/hypered_rf.pkl
2024-08-09 16:26:47.577 | INFO     | __main__:main:7 - running the runner script ...
2024-08-09 16:26:47.577 | INFO     | model_services:load_model:11 - loading the model from directory : model/hypered_rf.pkl
2024-08-09 16:26:47.577 | INFO     | model_services:load_model:17 - model hypered_rf.pkl exists --> loading model configuration file
2024-08-09 16:26:47.579 | INFO     | model_services:predict:21 - input parameters : [85, 2015, 2, 20, 1, 1, 0, 0, 1] making prediction !
2024-08-09 16:26:47.583 | INFO     | __main__:main:11 - the predication is : [2067.96873246] & the value is : hypered_rf.pkl
2024-08-09 16:30:48.193 | INFO     | model:build_model:12 - starting up model building Pipleline
2024-08-09 16:30:48.194 | INFO     | data_preparation:prepare_data:8 - Starting up preprocessing Pipeline
2024-08-09 16:30:48.194 | INFO     | data_collection:load_data:7 - Loading CSV file at path rent_apartments.csv
2024-08-09 16:30:48.202 | INFO     | data_preparation:encode_cat_cols:22 - Dummy encoding the data ['balcony', 'parking', 'furnished', 'garage', 'storage']
2024-08-09 16:30:48.206 | INFO     | data_preparation:parse_garden_col:37 - Parsing the garden data...
2024-08-09 16:30:48.211 | INFO     | data_preparation:binarize_df:44 - Binarizing the data       balcony_yes  storage_yes  parking_yes  furnished_yes  garage_yes
0            True        False        False           True       False
1            True        False         True           True       False
2            True        False         True           True       False
3            True        False        False           True       False
4           False        False        False          False       False
...           ...          ...          ...            ...         ...
1723        False        False        False           True       False
1724         True        False        False           True       False
1725        False        False        False           True       False
1726         True         True         True           True       False
1727        False         True        False           True       False

[1728 rows x 5 columns]
2024-08-09 16:30:48.218 | INFO     | model:get_X_y:39 - X shape : (1728, 9) , y shape : (1728,)
2024-08-09 16:30:48.218 | INFO     | model:split_data:44 - splitting data into train and test sets 
2024-08-09 16:30:48.219 | INFO     | model:train_model:54 - training a model with hyperparameters
2024-08-09 16:31:03.269 | INFO     | model:evalute_model:73 - evaluting the model performance with score : 0.7031904739399087
2024-08-09 16:31:03.276 | INFO     | model:save_model:78 - saving the model to directory : model/hypered_rf.pkl
2024-08-09 16:31:03.280 | INFO     | __main__:main:7 - running the runner script ...
2024-08-09 16:31:03.280 | INFO     | model_services:load_model:11 - loading the model from directory : model/hypered_rf.pkl
2024-08-09 16:31:03.281 | INFO     | model_services:load_model:17 - model hypered_rf.pkl exists --> loading model configuration file
2024-08-09 16:31:03.283 | INFO     | model_services:predict:21 - input parameters : [85, 2015, 2, 20, 1, 1, 0, 0, 1] making prediction !
2024-08-09 16:31:03.287 | INFO     | __main__:main:11 - the predication is : [2012.81428571] From the model : hypered_rf.pkl
2024-08-09 16:33:33.810 | INFO     | model:build_model:12 - starting up model building Pipleline
2024-08-09 16:33:33.811 | INFO     | data_preparation:prepare_data:8 - Starting up preprocessing Pipeline
2024-08-09 16:33:33.811 | INFO     | data_collection:load_data:7 - Loading CSV file at path rent_apartments.csv
2024-08-09 16:33:33.824 | INFO     | data_preparation:encode_cat_cols:22 - Dummy encoding the data ['balcony', 'parking', 'furnished', 'garage', 'storage']
2024-08-09 16:33:33.832 | INFO     | data_preparation:parse_garden_col:37 - Parsing the garden data...
2024-08-09 16:33:33.839 | INFO     | data_preparation:binarize_df:44 - Binarizing the data       balcony_yes  storage_yes  parking_yes  furnished_yes  garage_yes
0            True        False        False           True       False
1            True        False         True           True       False
2            True        False         True           True       False
3            True        False        False           True       False
4           False        False        False          False       False
...           ...          ...          ...            ...         ...
1723        False        False        False           True       False
1724         True        False        False           True       False
1725        False        False        False           True       False
1726         True         True         True           True       False
1727        False         True        False           True       False

[1728 rows x 5 columns]
2024-08-09 16:33:33.847 | INFO     | model:get_X_y:39 - X shape : (1728, 9) , y shape : (1728,)
2024-08-09 16:33:33.847 | INFO     | model:split_data:44 - splitting data into train and test sets 
2024-08-09 16:33:33.849 | INFO     | model:train_model:54 - training a model with hyperparameters
2024-08-09 16:33:46.637 | INFO     | model:evalute_model:73 - evaluting the model performance with score : 0.7161655413768808
2024-08-09 16:33:46.641 | INFO     | model:save_model:78 - saving the model to directory : model/hypered_rf.pkl
2024-08-09 16:33:46.645 | INFO     | __main__:main:7 - running the runner script ...
2024-08-09 16:33:46.645 | INFO     | model_services:load_model:11 - loading the model from directory : model/hypered_rf.pkl
2024-08-09 16:33:46.645 | INFO     | model_services:load_model:17 - model hypered_rf.pkl exists --> loading model configuration file
2024-08-09 16:33:46.648 | INFO     | model_services:predict:21 - input parameters : [85, 2015, 2, 20, 1, 1, 0, 0, 1] making prediction !
2024-08-09 16:33:46.651 | INFO     | __main__:main:11 - the predication is : [1932.74166667] From the model : hypered_rf.pkl
2024-08-09 16:38:01.121 | INFO     | model:build_model:12 - starting up model building Pipleline
2024-08-09 16:38:01.122 | INFO     | data_preparation:prepare_data:8 - Starting up preprocessing Pipeline
2024-08-09 16:38:01.122 | INFO     | data_collection:load_data:7 - Loading CSV file at path rent_apartments.csv
2024-08-09 16:38:01.133 | INFO     | data_preparation:encode_cat_cols:22 - Dummy encoding the data ['balcony', 'parking', 'furnished', 'garage', 'storage']
2024-08-09 16:38:01.136 | INFO     | data_preparation:parse_garden_col:37 - Parsing the garden data...
2024-08-09 16:38:01.142 | INFO     | data_preparation:binarize_df:44 - Binarizing the data       balcony_yes  storage_yes  parking_yes  furnished_yes  garage_yes
0            True        False        False           True       False
1            True        False         True           True       False
2            True        False         True           True       False
3            True        False        False           True       False
4           False        False        False          False       False
...           ...          ...          ...            ...         ...
1723        False        False        False           True       False
1724         True        False        False           True       False
1725        False        False        False           True       False
1726         True         True         True           True       False
1727        False         True        False           True       False

[1728 rows x 5 columns]
2024-08-09 16:38:01.148 | INFO     | model:get_X_y:39 - X shape : (1728, 9) , y shape : (1728,)
2024-08-09 16:38:01.148 | INFO     | model:split_data:44 - splitting data into train and test sets 
2024-08-09 16:38:01.150 | INFO     | model:train_model:54 - training a model with hyperparameters
2024-08-09 16:38:13.679 | INFO     | model:evalute_model:73 - evaluting the model performance with score : 0.7122279763521812
2024-08-09 16:38:13.683 | INFO     | model:save_model:78 - saving the model to directory : model/hypered_rf.pkl
2024-08-09 16:38:13.688 | INFO     | __main__:main:7 - running the runner script ...
2024-08-09 16:38:13.688 | INFO     | model_services:load_model:11 - loading the model from directory : model/hypered_rf.pkl
2024-08-09 16:38:13.689 | INFO     | model_services:load_model:17 - model hypered_rf.pkl exists --> loading model configuration file
2024-08-09 16:38:13.692 | INFO     | model_services:predict:21 - input parameters : [85, 2015, 2, 20, 1, 1, 0, 0, 1] making prediction !
2024-08-09 16:38:13.695 | INFO     | __main__:main:11 - the predication is : [2056.86616541] From the model : hypered_rf.pkl
2024-08-09 16:38:29.427 | INFO     | model:build_model:12 - starting up model building Pipleline
2024-08-09 16:38:29.428 | INFO     | data_preparation:prepare_data:8 - Starting up preprocessing Pipeline
2024-08-09 16:38:29.428 | INFO     | data_collection:load_data:7 - Loading CSV file at path rent_apartments.csv
2024-08-09 16:38:29.437 | INFO     | data_preparation:encode_cat_cols:22 - Dummy encoding the data ['balcony', 'parking', 'furnished', 'garage', 'storage']
2024-08-09 16:38:29.440 | INFO     | data_preparation:parse_garden_col:37 - Parsing the garden data...
2024-08-09 16:38:29.445 | INFO     | data_preparation:binarize_df:44 - Binarizing the data       balcony_yes  storage_yes  parking_yes  furnished_yes  garage_yes
0            True        False        False           True       False
1            True        False         True           True       False
2            True        False         True           True       False
3            True        False        False           True       False
4           False        False        False          False       False
...           ...          ...          ...            ...         ...
1723        False        False        False           True       False
1724         True        False        False           True       False
1725        False        False        False           True       False
1726         True         True         True           True       False
1727        False         True        False           True       False

[1728 rows x 5 columns]
2024-08-09 16:38:29.452 | INFO     | model:get_X_y:39 - X shape : (1728, 9) , y shape : (1728,)
2024-08-09 16:38:29.452 | INFO     | model:split_data:44 - splitting data into train and test sets 
2024-08-09 16:38:29.453 | INFO     | model:train_model:54 - training a model with hyperparameters
2024-08-09 16:38:41.920 | INFO     | model:evalute_model:73 - evaluting the model performance with score : 0.7209562852307341
2024-08-09 16:38:41.924 | INFO     | model:save_model:78 - saving the model to directory : model/hypered_rf.pkl
2024-08-09 16:38:41.927 | INFO     | __main__:main:7 - running the runner script ...
2024-08-09 16:38:41.927 | INFO     | model_services:load_model:11 - loading the model from directory : model/hypered_rf.pkl
2024-08-09 16:38:41.927 | INFO     | model_services:load_model:17 - model hypered_rf.pkl exists --> loading model configuration file
2024-08-09 16:38:41.929 | INFO     | model_services:predict:21 - input parameters : [85, 2015, 2, 20, 1, 1, 0, 0, 1] making prediction !
2024-08-09 16:38:41.932 | INFO     | __main__:main:11 - the predication is : [2029.52340648] From the model : hypered_rf.pkl
2024-08-09 16:39:26.650 | INFO     | model:build_model:12 - starting up model building Pipleline
2024-08-09 16:39:26.651 | INFO     | data_preparation:prepare_data:8 - Starting up preprocessing Pipeline
2024-08-09 16:39:26.651 | INFO     | data_collection:load_data:7 - Loading CSV file at path rent_apartments.csv
2024-08-09 16:39:26.658 | INFO     | data_preparation:encode_cat_cols:22 - Dummy encoding the data ['balcony', 'parking', 'furnished', 'garage', 'storage']
2024-08-09 16:39:26.662 | INFO     | data_preparation:parse_garden_col:37 - Parsing the garden data...
2024-08-09 16:39:26.668 | INFO     | data_preparation:binarize_df:44 - Binarizing the data       balcony_yes  storage_yes  parking_yes  furnished_yes  garage_yes
0            True        False        False           True       False
1            True        False         True           True       False
2            True        False         True           True       False
3            True        False        False           True       False
4           False        False        False          False       False
...           ...          ...          ...            ...         ...
1723        False        False        False           True       False
1724         True        False        False           True       False
1725        False        False        False           True       False
1726         True         True         True           True       False
1727        False         True        False           True       False

[1728 rows x 5 columns]
2024-08-09 16:39:26.674 | INFO     | model:get_X_y:39 - X shape : (1728, 9) , y shape : (1728,)
2024-08-09 16:39:26.674 | INFO     | model:split_data:44 - splitting data into train and test sets 
2024-08-09 16:39:26.676 | INFO     | model:train_model:54 - training a model with hyperparameters
2024-08-09 16:39:41.300 | INFO     | model:evalute_model:73 - evaluting the model performance with score : 0.7089563728539561
2024-08-09 16:39:41.307 | INFO     | model:save_model:78 - saving the model to directory : model/hypered_rf.pkl
2024-08-09 16:39:41.311 | INFO     | __main__:main:7 - running the runner script ...
2024-08-09 16:39:41.311 | INFO     | model_services:load_model:11 - loading the model from directory : model/hypered_rf.pkl
2024-08-09 16:39:41.311 | INFO     | model_services:load_model:17 - model hypered_rf.pkl exists --> loading model configuration file
2024-08-09 16:39:41.315 | INFO     | model_services:predict:21 - input parameters : [85, 2015, 2, 20, 1, 1, 0, 0, 1] making prediction !
2024-08-09 16:39:41.319 | INFO     | __main__:main:11 - the predication is : [2050.58333333] From the model : hypered_rf.pkl
2024-08-09 16:40:07.510 | INFO     | model:build_model:12 - starting up model building Pipleline
2024-08-09 16:40:07.511 | INFO     | data_preparation:prepare_data:8 - Starting up preprocessing Pipeline
2024-08-09 16:40:07.511 | INFO     | data_collection:load_data:7 - Loading CSV file at path rent_apartments.csv
2024-08-09 16:40:07.520 | INFO     | data_preparation:encode_cat_cols:22 - Dummy encoding the data ['balcony', 'parking', 'furnished', 'garage', 'storage']
2024-08-09 16:40:07.523 | INFO     | data_preparation:parse_garden_col:37 - Parsing the garden data...
2024-08-09 16:40:07.528 | INFO     | data_preparation:binarize_df:44 - Binarizing the data       balcony_yes  storage_yes  parking_yes  furnished_yes  garage_yes
0            True        False        False           True       False
1            True        False         True           True       False
2            True        False         True           True       False
3            True        False        False           True       False
4           False        False        False          False       False
...           ...          ...          ...            ...         ...
1723        False        False        False           True       False
1724         True        False        False           True       False
1725        False        False        False           True       False
1726         True         True         True           True       False
1727        False         True        False           True       False

[1728 rows x 5 columns]
2024-08-09 16:40:07.536 | INFO     | model:get_X_y:39 - X shape : (1728, 9) , y shape : (1728,)
2024-08-09 16:40:07.536 | INFO     | model:split_data:44 - splitting data into train and test sets 
2024-08-09 16:40:07.538 | INFO     | model:train_model:54 - training a model with hyperparameters
2024-08-09 16:40:20.148 | INFO     | model:evalute_model:73 - evaluting the model performance with score : 0.7090889974949459
2024-08-09 16:40:20.155 | INFO     | model:save_model:78 - saving the model to directory : model/hypered_rf.pkl
2024-08-09 16:40:20.161 | INFO     | __main__:main:7 - running the runner script ...
2024-08-09 16:40:20.161 | INFO     | model_services:load_model:11 - loading the model from directory : model/hypered_rf.pkl
2024-08-09 16:40:20.161 | INFO     | model_services:load_model:17 - model hypered_rf.pkl exists --> loading model configuration file
2024-08-09 16:40:20.166 | INFO     | model_services:predict:21 - input parameters : [85, 2015, 2, 20, 1, 1, 0, 0, 1] making prediction !
2024-08-09 16:40:20.171 | INFO     | __main__:main:11 - the predication is : [2060.88678451] From the model : hypered_rf.pkl
2024-08-09 16:41:28.581 | INFO     | model:build_model:12 - starting up model building Pipleline
2024-08-09 16:41:28.582 | INFO     | data_preparation:prepare_data:8 - Starting up preprocessing Pipeline
2024-08-09 16:41:28.582 | INFO     | data_collection:load_data:7 - Loading CSV file at path rent_apartments.csv
2024-08-09 16:41:28.592 | INFO     | data_preparation:encode_cat_cols:22 - Dummy encoding the data ['balcony', 'parking', 'furnished', 'garage', 'storage']
2024-08-09 16:41:28.595 | INFO     | data_preparation:parse_garden_col:37 - Parsing the garden data...
2024-08-09 16:41:28.602 | INFO     | data_preparation:binarize_df:44 - Binarizing the data       balcony_yes  storage_yes  parking_yes  furnished_yes  garage_yes
0            True        False        False           True       False
1            True        False         True           True       False
2            True        False         True           True       False
3            True        False        False           True       False
4           False        False        False          False       False
...           ...          ...          ...            ...         ...
1723        False        False        False           True       False
1724         True        False        False           True       False
1725        False        False        False           True       False
1726         True         True         True           True       False
1727        False         True        False           True       False

[1728 rows x 5 columns]
2024-08-09 16:41:28.608 | INFO     | model:get_X_y:39 - X shape : (1728, 9) , y shape : (1728,)
2024-08-09 16:41:28.608 | INFO     | model:split_data:44 - splitting data into train and test sets 
2024-08-09 16:41:28.610 | INFO     | model:train_model:54 - training a model with hyperparameters
2024-08-09 16:41:28.610 | DEBUG    | model:train_model:60 - grid param : {'n_estimators': range(50, 100, 20), 'criterion': ['squared_error', 'poisson', 'absolute_error', 'friedman_mse'], 'max_depth': range(6, 12, 2)}
2024-08-09 16:41:40.777 | INFO     | model:evalute_model:74 - evaluting the model performance with score : 0.7241751197426405
2024-08-09 16:41:40.784 | INFO     | model:save_model:79 - saving the model to directory : model/hypered_rf.pkl
2024-08-09 16:41:40.790 | INFO     | __main__:main:7 - running the runner script ...
2024-08-09 16:41:40.790 | INFO     | model_services:load_model:11 - loading the model from directory : model/hypered_rf.pkl
2024-08-09 16:41:40.791 | INFO     | model_services:load_model:17 - model hypered_rf.pkl exists --> loading model configuration file
2024-08-09 16:41:40.795 | INFO     | model_services:predict:21 - input parameters : [85, 2015, 2, 20, 1, 1, 0, 0, 1] making prediction !
2024-08-09 16:41:40.799 | INFO     | __main__:main:11 - the predication is : [2099.35449735] From the model : hypered_rf.pkl
2024-08-09 16:43:35.993 | INFO     | model:build_model:12 - starting up model building Pipleline
2024-08-09 16:43:35.993 | INFO     | data_preparation:prepare_data:8 - Starting up preprocessing Pipeline
2024-08-09 16:43:35.993 | INFO     | data_collection:load_data:7 - Loading CSV file at path rent_apartments.csv
2024-08-09 16:43:36.001 | INFO     | data_preparation:encode_cat_cols:22 - Dummy encoding the data ['balcony', 'parking', 'furnished', 'garage', 'storage']
2024-08-09 16:43:36.004 | INFO     | data_preparation:parse_garden_col:37 - Parsing the garden data...
2024-08-09 16:43:36.009 | INFO     | data_preparation:binarize_df:44 - Binarizing the data       balcony_yes  storage_yes  parking_yes  furnished_yes  garage_yes
0            True        False        False           True       False
1            True        False         True           True       False
2            True        False         True           True       False
3            True        False        False           True       False
4           False        False        False          False       False
...           ...          ...          ...            ...         ...
1723        False        False        False           True       False
1724         True        False        False           True       False
1725        False        False        False           True       False
1726         True         True         True           True       False
1727        False         True        False           True       False

[1728 rows x 5 columns]
2024-08-09 16:43:36.015 | INFO     | model:get_X_y:39 - X shape : (1728, 9) , y shape : (1728,)
2024-08-09 16:43:36.015 | INFO     | model:split_data:44 - splitting data into train and test sets 
2024-08-09 16:43:36.016 | INFO     | model:train_model:54 - training a model with hyperparameters
2024-08-09 16:43:36.016 | DEBUG    | model:train_model:60 - grid param : {'n_estimators': range(50, 100, 20), 'criterion': ['squared_error', 'poisson', 'absolute_error', 'friedman_mse'], 'max_depth': range(6, 12, 2)}
2024-08-09 16:43:48.318 | INFO     | model:evalute_model:74 - evaluting the model performance with score : 0.7239102717026065
2024-08-09 16:43:48.323 | INFO     | model:save_model:79 - saving the model to directory : model/hypered_rf.pkl
2024-08-09 16:43:48.327 | INFO     | __main__:main:7 - running the runner script ...
2024-08-09 16:43:48.327 | INFO     | model_services:load_model:11 - loading the model from directory : model/hypered_rf.pkl
2024-08-09 16:43:48.327 | INFO     | model_services:load_model:17 - model hypered_rf.pkl exists --> loading model configuration file
2024-08-09 16:43:48.330 | INFO     | model_services:predict:21 - input parameters : [85, 2015, 2, 20, 1, 1, 0, 0, 1] making prediction !
2024-08-09 16:43:48.334 | INFO     | __main__:main:11 - the predication is : [1990.60480474] From the model : hypered_rf.pkl
2024-08-09 16:44:55.965 | INFO     | model:build_model:12 - starting up model building Pipleline
2024-08-09 16:44:55.965 | INFO     | data_preparation:prepare_data:8 - Starting up preprocessing Pipeline
2024-08-09 16:44:55.965 | INFO     | data_collection:load_data:7 - Loading CSV file at path rent_apartments.csv
2024-08-09 16:44:55.973 | INFO     | data_preparation:encode_cat_cols:22 - Dummy encoding the data ['balcony', 'parking', 'furnished', 'garage', 'storage']
2024-08-09 16:44:55.976 | INFO     | data_preparation:parse_garden_col:37 - Parsing the garden data...
2024-08-09 16:44:55.980 | INFO     | data_preparation:binarize_df:44 - Binarizing the data       balcony_yes  storage_yes  parking_yes  furnished_yes  garage_yes
0            True        False        False           True       False
1            True        False         True           True       False
2            True        False         True           True       False
3            True        False        False           True       False
4           False        False        False          False       False
...           ...          ...          ...            ...         ...
1723        False        False        False           True       False
1724         True        False        False           True       False
1725        False        False        False           True       False
1726         True         True         True           True       False
1727        False         True        False           True       False

[1728 rows x 5 columns]
2024-08-09 16:44:55.986 | INFO     | model:get_X_y:39 - X shape : (1728, 9) , y shape : (1728,)
2024-08-09 16:44:55.986 | INFO     | model:split_data:44 - splitting data into train and test sets 
2024-08-09 16:44:55.987 | INFO     | model:train_model:54 - training a model with hyperparameters
2024-08-09 16:44:55.987 | DEBUG    | model:train_model:60 - grid param : {'n_estimators': range(50, 100, 20), 'criterion': ['squared_error', 'poisson', 'absolute_error', 'friedman_mse'], 'max_depth': range(6, 12, 2)}
2024-08-09 16:45:08.152 | INFO     | model:evalute_model:74 - evaluting the model performance with score : 0.7053461137896138
2024-08-09 16:45:08.157 | INFO     | model:save_model:79 - saving the model to directory : model/hypered_rf.pkl
2024-08-09 16:45:08.160 | INFO     | __main__:main:7 - running the runner script ...
2024-08-09 16:45:08.160 | INFO     | model_services:load_model:11 - loading the model from directory : model/hypered_rf.pkl
2024-08-09 16:45:08.160 | INFO     | model_services:load_model:17 - model hypered_rf.pkl exists --> loading model configuration file
2024-08-09 16:45:08.162 | INFO     | model_services:predict:21 - input parameters : [85, 2015, 2, 20, 1, 1, 0, 0, 1] making prediction !
2024-08-09 16:45:08.164 | INFO     | __main__:main:11 - the predication is : [1903.93260256] From the model : hypered_rf.pkl
2024-08-09 16:46:51.718 | INFO     | model:build_model:12 - starting up model building Pipleline
2024-08-09 16:46:51.719 | INFO     | data_preparation:prepare_data:8 - Starting up preprocessing Pipeline
2024-08-09 16:46:51.719 | INFO     | data_collection:load_data:7 - Loading CSV file at path rent_apartments.csv
2024-08-09 16:46:51.727 | INFO     | data_preparation:encode_cat_cols:22 - Dummy encoding the data ['balcony', 'parking', 'furnished', 'garage', 'storage']
2024-08-09 16:46:51.730 | INFO     | data_preparation:parse_garden_col:37 - Parsing the garden data...
2024-08-09 16:46:51.735 | INFO     | data_preparation:binarize_df:44 - Binarizing the data       balcony_yes  storage_yes  parking_yes  furnished_yes  garage_yes
0            True        False        False           True       False
1            True        False         True           True       False
2            True        False         True           True       False
3            True        False        False           True       False
4           False        False        False          False       False
...           ...          ...          ...            ...         ...
1723        False        False        False           True       False
1724         True        False        False           True       False
1725        False        False        False           True       False
1726         True         True         True           True       False
1727        False         True        False           True       False

[1728 rows x 5 columns]
2024-08-09 16:46:51.741 | INFO     | model:get_X_y:39 - X shape : (1728, 9) , y shape : (1728,)
2024-08-09 16:46:51.741 | INFO     | model:split_data:44 - splitting data into train and test sets 
2024-08-09 16:46:51.742 | INFO     | model:train_model:54 - training a model with hyperparameters
2024-08-09 16:46:51.743 | DEBUG    | model:train_model:60 - grid param : {'n_estimators': range(50, 100, 20), 'criterion': ['squared_error', 'poisson', 'absolute_error', 'friedman_mse'], 'max_depth': range(6, 12, 2)}
2024-08-09 16:47:04.497 | INFO     | model:evalute_model:74 - evaluting the model performance with score : 0.7423212101244457
2024-08-09 16:47:04.502 | INFO     | model:save_model:79 - saving the model to directory : model/hypered_rf.pkl
2024-08-09 16:47:04.505 | INFO     | __main__:main:7 - running the runner script ...
2024-08-09 16:47:04.505 | INFO     | model_services:load_model:11 - loading the model from directory : model/hypered_rf.pkl
2024-08-09 16:47:04.505 | INFO     | model_services:load_model:17 - model hypered_rf.pkl exists --> loading model configuration file
2024-08-09 16:47:04.508 | INFO     | model_services:predict:21 - input parameters : [85, 2015, 2, 20, 1, 1, 0, 0, 1] making prediction !
2024-08-09 16:47:04.511 | INFO     | __main__:main:11 - the predication is : [2013.7795068] From the model : hypered_rf.pkl
2024-08-09 16:47:11.760 | INFO     | model:build_model:12 - starting up model building Pipleline
2024-08-09 16:47:11.761 | INFO     | data_preparation:prepare_data:8 - Starting up preprocessing Pipeline
2024-08-09 16:47:11.761 | INFO     | data_collection:load_data:7 - Loading CSV file at path rent_apartments.csv
2024-08-09 16:47:11.769 | INFO     | data_preparation:encode_cat_cols:22 - Dummy encoding the data ['balcony', 'parking', 'furnished', 'garage', 'storage']
2024-08-09 16:47:11.772 | INFO     | data_preparation:parse_garden_col:37 - Parsing the garden data...
2024-08-09 16:47:11.778 | INFO     | data_preparation:binarize_df:44 - Binarizing the data       balcony_yes  storage_yes  parking_yes  furnished_yes  garage_yes
0            True        False        False           True       False
1            True        False         True           True       False
2            True        False         True           True       False
3            True        False        False           True       False
4           False        False        False          False       False
...           ...          ...          ...            ...         ...
1723        False        False        False           True       False
1724         True        False        False           True       False
1725        False        False        False           True       False
1726         True         True         True           True       False
1727        False         True        False           True       False

[1728 rows x 5 columns]
2024-08-09 16:47:11.785 | INFO     | model:get_X_y:39 - X shape : (1728, 9) , y shape : (1728,)
2024-08-09 16:47:11.785 | INFO     | model:split_data:44 - splitting data into train and test sets 
2024-08-09 16:47:11.787 | INFO     | model:train_model:54 - training a model with hyperparameters
2024-08-09 16:47:11.787 | DEBUG    | model:train_model:60 - grid param : {'n_estimators': range(50, 100, 20), 'criterion': ['squared_error', 'poisson', 'absolute_error', 'friedman_mse'], 'max_depth': range(6, 12, 2)}
2024-08-09 16:47:24.311 | INFO     | model:evalute_model:74 - evaluting the model performance with score : 0.7100860140874053
2024-08-09 16:47:24.316 | INFO     | model:save_model:79 - saving the model to directory : model/hypered_rf.pkl
2024-08-09 16:47:24.322 | INFO     | __main__:main:7 - running the runner script ...
2024-08-09 16:47:24.322 | INFO     | model_services:load_model:11 - loading the model from directory : model/hypered_rf.pkl
2024-08-09 16:47:24.322 | INFO     | model_services:load_model:17 - model hypered_rf.pkl exists --> loading model configuration file
2024-08-09 16:47:24.326 | INFO     | model_services:predict:21 - input parameters : [85, 2015, 2, 20, 1, 1, 0, 0, 1] making prediction !
2024-08-09 16:47:24.329 | INFO     | __main__:main:11 - the predication is : [1999.29429499] From the model : hypered_rf.pkl
2024-08-09 16:51:45.091 | INFO     | model:build_model:12 - starting up model building Pipleline
2024-08-09 16:51:45.092 | INFO     | data_preparation:prepare_data:8 - Starting up preprocessing Pipeline
2024-08-09 16:51:45.092 | INFO     | data_collection:load_data:7 - Loading CSV file at path rent_apartments.csv
2024-08-09 16:51:45.100 | INFO     | data_preparation:encode_cat_cols:22 - Dummy encoding the data ['balcony', 'parking', 'furnished', 'garage', 'storage']
2024-08-09 16:51:45.103 | INFO     | data_preparation:parse_garden_col:37 - Parsing the garden data...
2024-08-09 16:51:45.108 | INFO     | data_preparation:binarize_df:44 - Binarizing the data       balcony_yes  storage_yes  parking_yes  furnished_yes  garage_yes
0            True        False        False           True       False
1            True        False         True           True       False
2            True        False         True           True       False
3            True        False        False           True       False
4           False        False        False          False       False
...           ...          ...          ...            ...         ...
1723        False        False        False           True       False
1724         True        False        False           True       False
1725        False        False        False           True       False
1726         True         True         True           True       False
1727        False         True        False           True       False

[1728 rows x 5 columns]
2024-08-09 16:51:45.115 | INFO     | model:get_X_y:39 - X shape : (1728, 9) , y shape : (1728,)
2024-08-09 16:51:45.115 | INFO     | model:split_data:44 - splitting data into train and test sets 
2024-08-09 16:51:45.117 | INFO     | model:train_model:54 - training a model with hyperparameters
2024-08-09 16:51:45.117 | DEBUG    | model:train_model:60 - grid param : {'n_estimators': range(50, 100, 20), 'criterion': ['squared_error', 'poisson', 'absolute_error', 'friedman_mse'], 'max_depth': range(6, 12, 2)}
2024-08-09 16:51:57.445 | INFO     | model:evalute_model:74 - evaluting the model performance with score : 0.7292503174893661
2024-08-09 16:51:57.449 | INFO     | model:save_model:79 - saving the model to directory : model/hypered_rf.pkl
2024-08-09 16:51:57.454 | INFO     | __main__:main:7 - running the runner script ...
2024-08-09 16:51:57.455 | INFO     | model_services:load_model:11 - loading the model from directory : model/hypered_rf.pkl
2024-08-09 16:51:57.455 | INFO     | model_services:load_model:17 - model hypered_rf.pkl exists --> loading model configuration file
2024-08-09 16:51:57.459 | INFO     | model_services:predict:21 - input parameters : [85, 2015, 2, 20, 1, 1, 0, 0, 1] making prediction !
2024-08-09 16:51:57.478 | INFO     | __main__:main:11 - the predication is : [2075.41487095] From the model : hypered_rf.pkl
2024-08-09 17:18:54.847 | INFO     | model:build_model:12 - starting up model building Pipleline
2024-08-09 17:18:54.848 | INFO     | data_preparation:prepare_data:8 - Starting up preprocessing Pipeline
2024-08-09 17:18:54.848 | INFO     | data_collection:load_data:7 - Loading CSV file at path rent_apartments.csv
2024-08-09 17:18:54.862 | INFO     | data_preparation:encode_cat_cols:22 - Dummy encoding the data ['balcony', 'parking', 'furnished', 'garage', 'storage']
2024-08-09 17:18:54.868 | INFO     | data_preparation:parse_garden_col:37 - Parsing the garden data...
2024-08-09 17:18:54.876 | INFO     | data_preparation:binarize_df:44 - Binarizing the data       balcony_yes  storage_yes  parking_yes  furnished_yes  garage_yes
0            True        False        False           True       False
1            True        False         True           True       False
2            True        False         True           True       False
3            True        False        False           True       False
4           False        False        False          False       False
...           ...          ...          ...            ...         ...
1723        False        False        False           True       False
1724         True        False        False           True       False
1725        False        False        False           True       False
1726         True         True         True           True       False
1727        False         True        False           True       False

[1728 rows x 5 columns]
2024-08-09 17:18:54.883 | INFO     | model:get_X_y:39 - X shape : (1728, 9) , y shape : (1728,)
2024-08-09 17:18:54.883 | INFO     | model:split_data:44 - splitting data into train and test sets 
2024-08-09 17:18:54.884 | INFO     | model:train_model:54 - training a model with hyperparameters
2024-08-09 17:18:54.884 | DEBUG    | model:train_model:60 - grid param : {'n_estimators': range(50, 100, 20), 'criterion': ['squared_error', 'poisson', 'absolute_error', 'friedman_mse'], 'max_depth': range(6, 12, 2)}
2024-08-09 17:19:08.226 | INFO     | model:evalute_model:74 - evaluting the model performance with score : 0.7239192781180654
2024-08-09 17:19:08.231 | INFO     | model:save_model:79 - saving the model to directory : model/hypered_rf.pkl
2024-08-09 17:19:08.237 | INFO     | __main__:main:7 - running the runner script ...
2024-08-09 17:19:08.237 | INFO     | model_services:load_model:11 - loading the model from directory : model/hypered_rf.pkl
2024-08-09 17:19:08.237 | INFO     | model_services:load_model:17 - model hypered_rf.pkl exists --> loading model configuration file
2024-08-09 17:19:08.242 | INFO     | model_services:predict:21 - input parameters : [85, 2015, 2, 20, 1, 1, 0, 0, 1] making prediction !
2024-08-09 17:19:08.247 | INFO     | __main__:main:11 - the predication is : [1991.47588384] From the model : hypered_rf.pkl
2024-08-10 00:26:48.384 | INFO     | model:build_model:12 - starting up model building Pipleline
2024-08-10 00:26:48.384 | INFO     | data_preparation:prepare_data:8 - Starting up preprocessing Pipeline
2024-08-10 00:26:48.384 | INFO     | data_collection:load_data_from_db:20 - extracting the table from the database ...
2024-08-10 00:26:48.409 | INFO     | data_preparation:encode_cat_cols:22 - Dummy encoding the data ['balcony', 'parking', 'furnished', 'garage', 'storage']
2024-08-10 00:26:48.417 | INFO     | data_preparation:parse_garden_col:37 - Parsing the garden data...
2024-08-10 00:26:48.426 | INFO     | data_preparation:binarize_df:44 - Binarizing the data       balcony_yes  storage_yes  parking_yes  furnished_yes  garage_yes
0            True        False        False           True       False
1            True        False         True           True       False
2            True        False         True           True       False
3            True        False        False           True       False
4           False        False        False          False       False
...           ...          ...          ...            ...         ...
1723        False        False        False           True       False
1724         True        False        False           True       False
1725        False        False        False           True       False
1726         True         True         True           True       False
1727        False         True        False           True       False

[1728 rows x 5 columns]
2024-08-10 00:26:48.434 | INFO     | model:get_X_y:39 - X shape : (1728, 9) , y shape : (1728,)
2024-08-10 00:26:48.434 | INFO     | model:split_data:44 - splitting data into train and test sets 
2024-08-10 00:26:48.436 | INFO     | model:train_model:54 - training a model with hyperparameters
2024-08-10 00:26:48.437 | DEBUG    | model:train_model:60 - grid param : {'n_estimators': range(50, 100, 20), 'criterion': ['squared_error', 'poisson', 'absolute_error', 'friedman_mse'], 'max_depth': range(6, 12, 2)}
2024-08-10 00:27:00.816 | INFO     | model:evalute_model:74 - evaluting the model performance with score : 0.7108085846539951
2024-08-10 00:27:00.839 | INFO     | model:save_model:79 - saving the model to directory : model/hypered_rf.pkl
2024-08-10 00:27:00.849 | INFO     | __main__:main:7 - running the runner script ...
2024-08-10 00:27:00.849 | INFO     | model_services:load_model:11 - loading the model from directory : model/hypered_rf.pkl
2024-08-10 00:27:00.850 | INFO     | model_services:load_model:17 - model hypered_rf.pkl exists --> loading model configuration file
2024-08-10 00:27:00.853 | INFO     | model_services:predict:21 - input parameters : [85, 2015, 2, 20, 1, 1, 0, 0, 1] making prediction !
2024-08-10 00:27:00.856 | INFO     | __main__:main:11 - the predication is : [2038.62306208] From the model : hypered_rf.pkl
2024-08-10 00:27:49.730 | INFO     | model:build_model:12 - starting up model building Pipleline
2024-08-10 00:27:49.731 | INFO     | data_preparation:prepare_data:8 - Starting up preprocessing Pipeline
2024-08-10 00:27:49.731 | INFO     | data_collection:load_data_from_db:20 - extracting the table from the database ...
2024-08-10 00:27:49.746 | INFO     | data_preparation:encode_cat_cols:22 - Dummy encoding the data ['balcony', 'parking', 'furnished', 'garage', 'storage']
2024-08-10 00:27:49.750 | INFO     | data_preparation:parse_garden_col:37 - Parsing the garden data...
2024-08-10 00:27:49.757 | INFO     | data_preparation:binarize_df:44 - Binarizing the data       balcony_yes  storage_yes  parking_yes  furnished_yes  garage_yes
0            True        False        False           True       False
1            True        False         True           True       False
2            True        False         True           True       False
3            True        False        False           True       False
4           False        False        False          False       False
...           ...          ...          ...            ...         ...
1723        False        False        False           True       False
1724         True        False        False           True       False
1725        False        False        False           True       False
1726         True         True         True           True       False
1727        False         True        False           True       False

[1728 rows x 5 columns]
2024-08-10 00:27:49.763 | INFO     | model:get_X_y:39 - X shape : (1728, 9) , y shape : (1728,)
2024-08-10 00:27:49.764 | INFO     | model:split_data:44 - splitting data into train and test sets 
2024-08-10 00:27:49.765 | INFO     | model:train_model:54 - training a model with hyperparameters
2024-08-10 00:27:49.765 | DEBUG    | model:train_model:60 - grid param : {'n_estimators': range(50, 100, 20), 'criterion': ['squared_error', 'poisson', 'absolute_error', 'friedman_mse'], 'max_depth': range(6, 12, 2)}
2024-08-10 00:28:02.041 | INFO     | model:evalute_model:74 - evaluting the model performance with score : 0.7127532068162975
2024-08-10 00:28:02.047 | INFO     | model:save_model:79 - saving the model to directory : model/hypered_rf.pkl
2024-08-10 00:28:02.053 | INFO     | __main__:main:7 - running the runner script ...
2024-08-10 00:28:02.053 | INFO     | model_services:load_model:11 - loading the model from directory : model/hypered_rf.pkl
2024-08-10 00:28:02.053 | INFO     | model_services:load_model:17 - model hypered_rf.pkl exists --> loading model configuration file
2024-08-10 00:28:02.058 | INFO     | model_services:predict:21 - input parameters : [85, 2015, 2, 20, 1, 1, 0, 0, 1] making prediction !
2024-08-10 00:28:02.062 | INFO     | __main__:main:11 - the predication is : [2010.66333921] From the model : hypered_rf.pkl
2024-08-10 00:36:28.888 | INFO     | model:build_model:12 - starting up model building Pipleline
2024-08-10 00:36:28.889 | INFO     | data_preparation:prepare_data:8 - Starting up preprocessing Pipeline
2024-08-10 00:36:28.889 | INFO     | data_collection:load_data_from_db:20 - extracting the table from the database ...
2024-08-10 00:36:28.914 | INFO     | data_preparation:encode_cat_cols:22 - Dummy encoding the data ['balcony', 'parking', 'furnished', 'garage', 'storage']
2024-08-10 00:36:28.920 | INFO     | data_preparation:parse_garden_col:37 - Parsing the garden data...
2024-08-10 00:36:28.929 | INFO     | data_preparation:binarize_df:44 - Binarizing the data       balcony_yes  storage_yes  parking_yes  furnished_yes  garage_yes
0            True        False        False           True       False
1            True        False         True           True       False
2            True        False         True           True       False
3            True        False        False           True       False
4           False        False        False          False       False
...           ...          ...          ...            ...         ...
1723        False        False        False           True       False
1724         True        False        False           True       False
1725        False        False        False           True       False
1726         True         True         True           True       False
1727        False         True        False           True       False

[1728 rows x 5 columns]
2024-08-10 00:36:28.937 | INFO     | model:get_X_y:39 - X shape : (1728, 9) , y shape : (1728,)
2024-08-10 00:36:28.937 | INFO     | model:split_data:44 - splitting data into train and test sets 
2024-08-10 00:36:28.939 | INFO     | model:train_model:54 - training a model with hyperparameters
2024-08-10 00:36:28.939 | DEBUG    | model:train_model:60 - grid param : {'n_estimators': range(50, 100, 20), 'criterion': ['squared_error', 'poisson', 'absolute_error', 'friedman_mse'], 'max_depth': range(6, 12, 2)}
2024-08-10 00:36:42.837 | INFO     | model:evalute_model:74 - evaluting the model performance with score : 0.6967223494329111
2024-08-10 00:36:42.841 | INFO     | model:save_model:79 - saving the model to directory : model/hypered_rf.pkl
2024-08-10 00:36:42.845 | INFO     | __main__:main:7 - running the runner script ...
2024-08-10 00:36:42.845 | INFO     | model_services:load_model:11 - loading the model from directory : model/hypered_rf.pkl
2024-08-10 00:36:42.846 | INFO     | model_services:load_model:17 - model hypered_rf.pkl exists --> loading model configuration file
2024-08-10 00:36:42.849 | INFO     | model_services:predict:21 - input parameters : [85, 2015, 2, 20, 1, 1, 0, 0, 1] making prediction !
2024-08-10 00:36:42.853 | INFO     | __main__:main:11 - the predication is : [2109.65] From the model : hypered_rf.pkl
2024-08-10 00:37:30.731 | INFO     | model:build_model:12 - starting up model building Pipleline
2024-08-10 00:37:30.731 | INFO     | data_preparation:prepare_data:8 - Starting up preprocessing Pipeline
2024-08-10 00:37:30.732 | INFO     | data_collection:load_data_from_db:20 - extracting the table from the database ...
2024-08-10 00:37:30.748 | INFO     | data_preparation:encode_cat_cols:22 - Dummy encoding the data ['balcony', 'parking', 'furnished', 'garage', 'storage']
2024-08-10 00:37:30.752 | INFO     | data_preparation:parse_garden_col:37 - Parsing the garden data...
2024-08-10 00:37:30.759 | INFO     | data_preparation:binarize_df:44 - Binarizing the data       balcony_yes  storage_yes  parking_yes  furnished_yes  garage_yes
0            True        False        False           True       False
1            True        False         True           True       False
2            True        False         True           True       False
3            True        False        False           True       False
4           False        False        False          False       False
...           ...          ...          ...            ...         ...
1723        False        False        False           True       False
1724         True        False        False           True       False
1725        False        False        False           True       False
1726         True         True         True           True       False
1727        False         True        False           True       False

[1728 rows x 5 columns]
2024-08-10 00:37:30.765 | INFO     | model:get_X_y:39 - X shape : (1728, 9) , y shape : (1728,)
2024-08-10 00:37:30.765 | INFO     | model:split_data:44 - splitting data into train and test sets 
2024-08-10 00:37:30.766 | INFO     | model:train_model:54 - training a model with hyperparameters
2024-08-10 00:37:30.767 | DEBUG    | model:train_model:60 - grid param : {'n_estimators': range(50, 100, 20), 'criterion': ['squared_error', 'poisson', 'absolute_error', 'friedman_mse'], 'max_depth': range(6, 12, 2)}
2024-08-10 00:37:43.489 | INFO     | model:evalute_model:74 - evaluting the model performance with score : 0.7210295952565943
2024-08-10 00:37:43.494 | INFO     | model:save_model:79 - saving the model to directory : model/hypered_rf.pkl
2024-08-10 00:37:43.498 | INFO     | __main__:main:7 - running the runner script ...
2024-08-10 00:37:43.498 | INFO     | model_services:load_model:11 - loading the model from directory : model/hypered_rf.pkl
2024-08-10 00:37:43.498 | INFO     | model_services:load_model:17 - model hypered_rf.pkl exists --> loading model configuration file
2024-08-10 00:37:43.501 | INFO     | model_services:predict:21 - input parameters : [85, 2015, 2, 20, 1, 1, 0, 0, 1] making prediction !
2024-08-10 00:37:43.506 | INFO     | __main__:main:11 - the predication is : [2005.47046916] From the model : hypered_rf.pkl
2024-08-10 00:42:13.105 | INFO     | model:build_model:12 - starting up model building Pipleline
2024-08-10 00:42:13.106 | INFO     | data_preparation:prepare_data:8 - Starting up preprocessing Pipeline
2024-08-10 00:42:13.106 | INFO     | data_collection:load_data_from_db:20 - extracting the table from the database ...
2024-08-10 00:42:13.122 | INFO     | data_preparation:encode_cat_cols:22 - Dummy encoding the data ['balcony', 'parking', 'furnished', 'garage', 'storage']
2024-08-10 00:42:13.126 | INFO     | data_preparation:parse_garden_col:37 - Parsing the garden data...
2024-08-10 00:42:13.132 | INFO     | data_preparation:binarize_df:44 - Binarizing the data       balcony_yes  storage_yes  parking_yes  furnished_yes  garage_yes
0            True        False        False           True       False
1            True        False         True           True       False
2            True        False         True           True       False
3            True        False        False           True       False
4           False        False        False          False       False
...           ...          ...          ...            ...         ...
1723        False        False        False           True       False
1724         True        False        False           True       False
1725        False        False        False           True       False
1726         True         True         True           True       False
1727        False         True        False           True       False

[1728 rows x 5 columns]
2024-08-10 00:42:13.139 | INFO     | model:get_X_y:39 - X shape : (1728, 9) , y shape : (1728,)
2024-08-10 00:42:13.139 | INFO     | model:split_data:44 - splitting data into train and test sets 
2024-08-10 00:42:13.140 | INFO     | model:train_model:54 - training a model with hyperparameters
2024-08-10 00:42:13.140 | DEBUG    | model:train_model:60 - grid param : {'n_estimators': range(50, 100, 20), 'criterion': ['squared_error', 'poisson', 'absolute_error', 'friedman_mse'], 'max_depth': range(6, 12, 2)}
2024-08-10 00:42:25.849 | INFO     | model:evalute_model:74 - evaluting the model performance with score : 0.71750473465644
2024-08-10 00:42:25.854 | INFO     | model:save_model:79 - saving the model to directory : model/hypered_rf.pkl
2024-08-10 00:42:25.857 | INFO     | __main__:main:7 - running the runner script ...
2024-08-10 00:42:25.858 | INFO     | model_services:load_model:11 - loading the model from directory : model/hypered_rf.pkl
2024-08-10 00:42:25.858 | INFO     | model_services:load_model:17 - model hypered_rf.pkl exists --> loading model configuration file
2024-08-10 00:42:25.860 | INFO     | model_services:predict:21 - input parameters : [85, 2015, 2, 20, 1, 1, 0, 0, 1] making prediction !
2024-08-10 00:42:25.864 | INFO     | __main__:main:11 - the predication is : [2025.72087307] From the model : hypered_rf.pkl
